This file contains any messages produced by compilers while
running configure, to aid debugging if configure makes a mistake.

It was created by configure, which was
generated by GNU Autoconf 2.69.  Invocation command line was

  $ auto/configure --prefix=/usr --mandir=/usr/share/man --infodir=/usr/share/info --enable-cscope --enable-gui=no --without-x --enable-multibyte --disable-darwin --srcdir=. --cache-file=auto/config.cache --srcdir=. --cache-file=auto/config.cache

## --------- ##
## Platform. ##
## --------- ##

hostname = newpro.home
uname -m = x86_64
uname -r = 16.0.0
uname -s = Darwin
uname -v = Darwin Kernel Version 16.0.0: Wed Oct 21 20:16:09 PDT 2015; root:xnu-3378~6/DEVELOPMENT_X86_64

/usr/bin/uname -p = i386
/bin/uname -X     = unknown

/bin/arch              = unknown
/usr/bin/arch -k       = unknown
/usr/convex/getsysinfo = unknown
/usr/bin/hostinfo      = Mach kernel version:
	 Darwin Kernel Version 16.0.0: Wed Oct 21 20:16:09 PDT 2015; root:xnu-3378~6/DEVELOPMENT_X86_64
Kernel configured for up to 16 processors.
8 processors are physically available.
16 processors are logically available.
Processor type: i486 (Intel 80486)
Processors active: 0 1 2 3 4 5 6 7 8 9 10 11 12 13 14 15
Primary memory available: 32.00 gigabytes
Default processor set: 286 tasks, 1147 threads, 16 processors
Load average: 0.77, Mach factor: 15.22
/bin/machine           = unknown
/usr/bin/oslevel       = unknown
/bin/universe          = unknown

PATH: /opt/local/bin
PATH: /opt/local/sbin
PATH: /Volumes/Data/buildbot/bin
PATH: /Users/bbraun/bin
PATH: /usr/local/bin
PATH: /usr/local/sbin
PATH: /usr/X11R6/bin
PATH: /usr/bin
PATH: /usr/sbin
PATH: /bin
PATH: /sbin
PATH: /Volumes/sata1/macports/bin


## ----------- ##
## Core tests. ##
## ----------- ##

configure:2519: loading cache auto/config.cache
configure:2605: checking whether make sets $(MAKE)
configure:2627: result: yes
configure:2685: checking for gcc
configure:2712: result: gcc
configure:2941: checking for C compiler version
configure:2950: gcc --version >&5
Apple LLVM version 7.0.0 (clang-700.1.75)
Target: x86_64-apple-darwin16.0.0
Thread model: posix
Configured with: --prefix=/Applications/Xcode.app/Contents/Developer/usr --with-gxx-include-dir=/Applications/Xcode.app/Contents/Developer/Platforms/MacOSX.platform/Developer/SDKs/MacOSX10.12.sdk/usr/include/c++/4.2.1
configure:2961: $? = 0
configure:2950: gcc -v >&5
Configured with: --prefix=/Applications/Xcode.app/Contents/Developer/usr --with-gxx-include-dir=/Applications/Xcode.app/Contents/Developer/Platforms/MacOSX.platform/Developer/SDKs/MacOSX10.12.sdk/usr/include/c++/4.2.1
Apple LLVM version 7.0.0 (clang-700.1.75)
Target: x86_64-apple-darwin16.0.0
Thread model: posix
configure:2961: $? = 0
configure:2950: gcc -V >&5
clang: error: argument to '-V' is missing (expected 1 value)
clang: error: no input files
configure:2961: $? = 1
configure:2950: gcc -qversion >&5
clang: error: unknown argument: '-qversion'
clang: error: no input files
configure:2961: $? = 1
configure:2981: checking whether the C compiler works
configure:3003: gcc    conftest.c  >&5
configure:3007: $? = 0
configure:3055: result: yes
configure:3058: checking for C compiler default output file name
configure:3060: result: a.out
configure:3066: checking for suffix of executables
configure:3073: gcc -o conftest    conftest.c  >&5
configure:3077: $? = 0
configure:3099: result: 
configure:3121: checking whether we are cross compiling
configure:3129: gcc -o conftest    conftest.c  >&5
configure:3133: $? = 0
configure:3140: ./conftest
configure:3144: $? = 0
configure:3159: result: no
configure:3164: checking for suffix of object files
configure:3211: result: o
configure:3215: checking whether we are using the GNU C compiler
configure:3243: result: yes
configure:3252: checking whether gcc accepts -g
configure:3313: result: yes
configure:3330: checking for gcc option to accept ISO C89
configure:3406: result: none needed
configure:3430: checking how to run the C preprocessor
configure:3500: result: gcc -E
configure:3520: gcc -E  conftest.c
configure:3520: $? = 0
configure:3534: gcc -E  conftest.c
conftest.c:10:10: fatal error: 'ac_nonexistent.h' file not found
#include <ac_nonexistent.h>
         ^
1 error generated.
configure:3534: $? = 1
configure: failed program was:
| /* confdefs.h */
| #define PACKAGE_NAME ""
| #define PACKAGE_TARNAME ""
| #define PACKAGE_VERSION ""
| #define PACKAGE_STRING ""
| #define PACKAGE_BUGREPORT ""
| #define PACKAGE_URL ""
| #define UNIX 1
| /* end confdefs.h.  */
| #include <ac_nonexistent.h>
configure:3563: checking for grep that handles long lines and -e
configure:3621: result: /usr/bin/grep
configure:3626: checking for egrep
configure:3688: result: /usr/bin/grep -E
configure:3702: checking for fgrep
configure:3764: result: /usr/bin/grep -F
configure:3768: checking for library containing strerror
configure:3816: result: none required
configure:3827: checking for gawk
configure:3854: result: awk
configure:3867: checking for strip
configure:3895: result: strip
configure:3906: checking for ANSI C header files
configure:4010: result: yes
configure:4018: checking for sys/wait.h that is POSIX.1 compatible
configure:4051: result: yes
configure:4061: checking --enable-fail-if-missing argument
configure:4070: result: no
configure:4093: checking for recent clang version
configure:4101: result: 1075
configure:4119: checking for buggy tools...
configure:4126: checking for BeOS
configure:4132: result: no
configure:4136: checking for QNX
configure:4143: result: no
configure:4147: checking for Darwin (Mac OS X)
configure:4150: result: yes
configure:4153: checking --disable-darwin argument
configure:4176: result: yes, Darwin support excluded
configure:4180: checking --with-mac-arch argument
configure:4188: result: defaulting to current
configure:4193: checking --with-developer-dir argument
configure:4201: result: not present
configure:4209: checking for xcode-select
configure:4239: result: /usr/bin/xcode-select
configure:4248: checking for developer dir using xcode-select
configure:4251: result: /Applications/Xcode.app/Contents/Developer
configure:4368: checking AvailabilityMacros.h usability
configure:4368: gcc -c -g -O2  conftest.c >&5
configure:4368: $? = 0
configure:4368: result: yes
configure:4368: checking AvailabilityMacros.h presence
configure:4368: gcc -E  conftest.c
configure:4368: $? = 0
configure:4368: result: yes
configure:4368: checking for AvailabilityMacros.h
configure:4368: result: yes
configure:4383: checking --with-local-dir argument
configure:4407: result: Defaulting to /usr/local
configure:4432: checking --with-vim-name argument
configure:4440: result: Defaulting to vim
configure:4445: checking --with-ex-name argument
configure:4453: result: Defaulting to ex
configure:4458: checking --with-view-name argument
configure:4466: result: Defaulting to view
configure:4472: checking --with-global-runtime argument
configure:4483: result: no
configure:4488: checking --with-modified-by argument
configure:4499: result: no
configure:4504: checking if character set is EBCDIC
configure:4523: gcc -c -g -O2  conftest.c >&5
conftest.c:22:1: error: use of undeclared identifier 'make'
make an error "Character set is not EBCDIC"
^
1 error generated.
configure:4523: $? = 1
configure: failed program was:
| /* confdefs.h */
| #define PACKAGE_NAME ""
| #define PACKAGE_TARNAME ""
| #define PACKAGE_VERSION ""
| #define PACKAGE_STRING ""
| #define PACKAGE_BUGREPORT ""
| #define PACKAGE_URL ""
| #define UNIX 1
| #define STDC_HEADERS 1
| #define HAVE_SYS_WAIT_H 1
| #define HAVE_AVAILABILITYMACROS_H 1
| /* end confdefs.h.  */
| 
| int
| main ()
| {
|  /* TryCompile function for CharSet.
|    Treat any failure as ASCII for compatibility with existing art.
|    Use compile-time rather than run-time tests for cross-compiler
|    tolerance.  */
| #if '0'!=240
| make an error "Character set is not EBCDIC"
| #endif
|   ;
|   return 0;
| }
configure:4533: result: no
configure:4594: checking --disable-smack argument
configure:4604: result: no
configure:4606: checking linux/xattr.h usability
configure:4606: gcc -c -g -O2  conftest.c >&5
conftest.c:46:10: fatal error: 'linux/xattr.h' file not found
#include <linux/xattr.h>
         ^
1 error generated.
configure:4606: $? = 1
configure: failed program was:
| /* confdefs.h */
| #define PACKAGE_NAME ""
| #define PACKAGE_TARNAME ""
| #define PACKAGE_VERSION ""
| #define PACKAGE_STRING ""
| #define PACKAGE_BUGREPORT ""
| #define PACKAGE_URL ""
| #define UNIX 1
| #define STDC_HEADERS 1
| #define HAVE_SYS_WAIT_H 1
| #define HAVE_AVAILABILITYMACROS_H 1
| /* end confdefs.h.  */
| #include <stdio.h>
| #ifdef HAVE_SYS_TYPES_H
| # include <sys/types.h>
| #endif
| #ifdef HAVE_SYS_STAT_H
| # include <sys/stat.h>
| #endif
| #ifdef STDC_HEADERS
| # include <stdlib.h>
| # include <stddef.h>
| #else
| # ifdef HAVE_STDLIB_H
| #  include <stdlib.h>
| # endif
| #endif
| #ifdef HAVE_STRING_H
| # if !defined STDC_HEADERS && defined HAVE_MEMORY_H
| #  include <memory.h>
| # endif
| # include <string.h>
| #endif
| #ifdef HAVE_STRINGS_H
| # include <strings.h>
| #endif
| #ifdef HAVE_INTTYPES_H
| # include <inttypes.h>
| #endif
| #ifdef HAVE_STDINT_H
| # include <stdint.h>
| #endif
| #ifdef HAVE_UNISTD_H
| # include <unistd.h>
| #endif
| #include <linux/xattr.h>
configure:4606: result: no
configure:4606: checking linux/xattr.h presence
configure:4606: gcc -E  conftest.c
conftest.c:13:10: fatal error: 'linux/xattr.h' file not found
#include <linux/xattr.h>
         ^
1 error generated.
configure:4606: $? = 1
configure: failed program was:
| /* confdefs.h */
| #define PACKAGE_NAME ""
| #define PACKAGE_TARNAME ""
| #define PACKAGE_VERSION ""
| #define PACKAGE_STRING ""
| #define PACKAGE_BUGREPORT ""
| #define PACKAGE_URL ""
| #define UNIX 1
| #define STDC_HEADERS 1
| #define HAVE_SYS_WAIT_H 1
| #define HAVE_AVAILABILITYMACROS_H 1
| /* end confdefs.h.  */
| #include <linux/xattr.h>
configure:4606: result: no
configure:4606: checking for linux/xattr.h
configure:4606: result: no
configure:4693: checking --disable-selinux argument
configure:4703: result: no
configure:4705: checking for is_selinux_enabled in -lselinux
configure:4739: result: no
configure:4754: checking --with-features argument
configure:4762: result: Defaulting to normal
configure:4790: checking --with-compiledby argument
configure:4798: result: no
configure:4804: checking --disable-xsmp argument
configure:4815: result: no
configure:4817: checking --disable-xsmp-interact argument
configure:4827: result: no
configure:4840: checking --enable-luainterp argument
configure:4849: result: no
configure:5176: checking --enable-mzschemeinterp argument
configure:5185: result: no
configure:5522: checking --enable-perlinterp argument
configure:5531: result: no
configure:5720: checking --enable-pythoninterp argument
configure:5729: result: no
configure:6057: checking --enable-python3interp argument
configure:6066: result: no
configure:6603: checking --enable-tclinterp argument
configure:6612: result: no
configure:6946: checking --enable-rubyinterp argument
configure:6955: result: no
configure:7104: checking --enable-cscope argument
configure:7113: result: yes
configure:7120: checking --enable-workshop argument
configure:7129: result: no
configure:7143: checking --disable-netbeans argument
configure:7153: result: no
configure:7155: checking for socket in -lsocket
configure:7189: result: no
configure:7200: checking for gethostbyname in -lnsl
configure:7234: result: no
configure:7245: checking whether compiling netbeans integration is possible
configure:7281: gcc -o conftest -g -O2   -L/usr/local/lib conftest.c  >&5
configure:7281: $? = 0
configure:7282: result: yes
configure:7303: checking --enable-sniff argument
configure:7312: result: no
configure:7323: checking --enable-multibyte argument
configure:7332: result: yes
configure:7339: checking --enable-hangulinput argument
configure:7348: result: no
configure:7351: checking --enable-xim argument
configure:7358: result: defaulting to auto
configure:7363: checking --enable-fontset argument
configure:7372: result: no
configure:7378: result: defaulting to: don't HAVE_X11
configure:8395: checking --enable-gui argument
configure:8455: result: no GUI support
configure:9319: checking for X11/SM/SMlib.h
configure:9319: result: yes
configure:9504: checking for CYGWIN environment
configure:9522: result: no
configure:9542: checking whether toupper is broken
configure:9579: result: no
configure:9587: checking whether __DATE__ and __TIME__ work
configure:9600: gcc -c -g -O2  conftest.c >&5
configure:9600: $? = 0
configure:9601: result: yes
configure:9610: checking whether __attribute__((unused)) is allowed
configure:9623: gcc -c -g -O2  conftest.c >&5
configure:9623: $? = 0
configure:9624: result: yes
configure:9633: checking for elf.h
configure:9633: result: no
configure:9684: checking for dirent.h that defines DIR
configure:9711: result: yes
configure:9724: checking for library containing opendir
configure:9772: result: none required
configure:9880: checking for stdarg.h
configure:9880: result: yes
configure:9880: checking for stdint.h
configure:9880: result: yes
configure:9880: checking for stdlib.h
configure:9880: result: yes
configure:9880: checking for string.h
configure:9880: result: yes
configure:9880: checking for sys/select.h
configure:9880: result: yes
configure:9880: checking for sys/utsname.h
configure:9880: result: yes
configure:9880: checking for termcap.h
configure:9880: result: yes
configure:9880: checking for fcntl.h
configure:9880: result: yes
configure:9880: checking for sgtty.h
configure:9880: result: yes
configure:9880: checking for sys/ioctl.h
configure:9880: result: yes
configure:9880: checking for sys/time.h
configure:9880: result: yes
configure:9880: checking for sys/types.h
configure:9880: result: yes
configure:9880: checking for termio.h
configure:9880: result: no
configure:9880: checking for iconv.h
configure:9880: result: yes
configure:9880: checking for inttypes.h
configure:9880: result: yes
configure:9880: checking for langinfo.h
configure:9880: result: yes
configure:9880: checking for math.h
configure:9880: result: yes
configure:9880: checking for unistd.h
configure:9880: result: yes
configure:9880: checking for stropts.h
configure:9880: result: no
configure:9880: checking for errno.h
configure:9880: result: yes
configure:9880: checking for sys/resource.h
configure:9880: result: yes
configure:9880: checking for sys/systeminfo.h
configure:9880: result: no
configure:9880: checking for locale.h
configure:9880: result: yes
configure:9880: checking for sys/stream.h
configure:9880: result: no
configure:9880: checking for termios.h
configure:9880: result: yes
configure:9880: checking for libc.h
configure:9880: result: yes
configure:9880: checking for sys/statfs.h
configure:9880: result: no
configure:9880: checking for poll.h
configure:9880: result: yes
configure:9880: checking for sys/poll.h
configure:9880: result: yes
configure:9880: checking for pwd.h
configure:9880: result: yes
configure:9880: checking for utime.h
configure:9880: result: yes
configure:9880: checking for sys/param.h
configure:9880: result: yes
configure:9880: checking for libintl.h
configure:9880: result: no
configure:9880: checking for libgen.h
configure:9880: result: yes
configure:9880: checking for util/debug.h
configure:9880: result: no
configure:9880: checking for util/msg18n.h
configure:9880: result: no
configure:9880: checking for frame.h
configure:9880: result: no
configure:9880: checking for sys/acl.h
configure:9880: result: yes
configure:9880: checking for sys/access.h
configure:9880: result: no
configure:9880: checking for sys/sysinfo.h
configure:9880: result: no
configure:9880: checking for wchar.h
configure:9880: result: yes
configure:9880: checking for wctype.h
configure:9880: result: yes
configure:9893: checking for sys/ptem.h
configure:9893: result: no
configure:9909: checking for sys/sysctl.h
configure:9909: result: yes
configure:9924: checking for pthread_np.h
configure:9939: gcc -c -g -O2  conftest.c >&5
conftest.c:56:10: fatal error: 'pthread_np.h' file not found
#include <pthread_np.h>
         ^
1 error generated.
configure:9939: $? = 1
configure: failed program was:
| /* confdefs.h */
| #define PACKAGE_NAME ""
| #define PACKAGE_TARNAME ""
| #define PACKAGE_VERSION ""
| #define PACKAGE_STRING ""
| #define PACKAGE_BUGREPORT ""
| #define PACKAGE_URL ""
| #define UNIX 1
| #define STDC_HEADERS 1
| #define HAVE_SYS_WAIT_H 1
| #define HAVE_AVAILABILITYMACROS_H 1
| #define FEAT_NORMAL 1
| #define USE_XSMP_INTERACT 1
| #define FEAT_CSCOPE 1
| #define FEAT_NETBEANS_INTG 1
| #define FEAT_MBYTE 1
| #define HAVE_X11_SM_SMLIB_H 1
| #define HAVE_DATE_TIME 1
| #define HAVE_ATTRIBUTE_UNUSED 1
| #define HAVE_DIRENT_H 1
| #define HAVE_STDARG_H 1
| #define HAVE_STDINT_H 1
| #define HAVE_STDLIB_H 1
| #define HAVE_STRING_H 1
| #define HAVE_SYS_SELECT_H 1
| #define HAVE_SYS_UTSNAME_H 1
| #define HAVE_TERMCAP_H 1
| #define HAVE_FCNTL_H 1
| #define HAVE_SGTTY_H 1
| #define HAVE_SYS_IOCTL_H 1
| #define HAVE_SYS_TIME_H 1
| #define HAVE_SYS_TYPES_H 1
| #define HAVE_ICONV_H 1
| #define HAVE_INTTYPES_H 1
| #define HAVE_LANGINFO_H 1
| #define HAVE_MATH_H 1
| #define HAVE_UNISTD_H 1
| #define HAVE_ERRNO_H 1
| #define HAVE_SYS_RESOURCE_H 1
| #define HAVE_LOCALE_H 1
| #define HAVE_TERMIOS_H 1
| #define HAVE_LIBC_H 1
| #define HAVE_POLL_H 1
| #define HAVE_SYS_POLL_H 1
| #define HAVE_PWD_H 1
| #define HAVE_UTIME_H 1
| #define HAVE_SYS_PARAM_H 1
| #define HAVE_LIBGEN_H 1
| #define HAVE_SYS_ACL_H 1
| #define HAVE_WCHAR_H 1
| #define HAVE_WCTYPE_H 1
| #define HAVE_SYS_SYSCTL_H 1
| /* end confdefs.h.  */
| 
| #include <pthread.h>
| #include <pthread_np.h>
| int
| main ()
| {
| int i; i = 0;
|   ;
|   return 0;
| }
configure:9945: result: no
configure:9952: checking for strings.h
configure:9952: result: yes
configure:9967: checking if strings.h can be included after string.h
configure:9996: gcc -c -g -O2   conftest.c >&5
configure:9996: $? = 0
configure:9997: result: yes
configure:10010: checking whether gcc needs -traditional
configure:10044: result: no
configure:10051: checking for an ANSI C-conforming const
configure:10124: result: yes
configure:10132: checking for working volatile
configure:10158: result: yes
configure:10166: checking for mode_t
configure:10166: result: yes
configure:10177: checking for off_t
configure:10177: result: yes
configure:10188: checking for pid_t
configure:10188: result: yes
configure:10199: checking for size_t
configure:10199: result: yes
configure:10210: checking for uid_t in sys/types.h
configure:10229: result: yes
configure:10240: checking for uint32_t
configure:10240: result: yes
configure:10255: checking whether time.h and sys/time.h may both be included
configure:10282: result: yes
configure:10290: checking for ino_t
configure:10290: result: yes
configure:10301: checking for dev_t
configure:10301: result: yes
configure:10312: checking whether byte ordering is bigendian
configure:10518: result: no
configure:10537: checking for rlim_t
configure:10540: result: (cached) yes
configure:10573: checking for stack_t
configure:10576: result: (cached) yes
configure:10607: checking whether stack_t has an ss_base field
configure:10628: gcc -c -g -O2  conftest.c >&5
conftest.c:68:24: error: no member named 'ss_base' in 'struct __darwin_sigaltstack'
stack_t sigstk; sigstk.ss_base = 0;
                ~~~~~~ ^
1 error generated.
configure:10628: $? = 1
configure: failed program was:
| /* confdefs.h */
| #define PACKAGE_NAME ""
| #define PACKAGE_TARNAME ""
| #define PACKAGE_VERSION ""
| #define PACKAGE_STRING ""
| #define PACKAGE_BUGREPORT ""
| #define PACKAGE_URL ""
| #define UNIX 1
| #define STDC_HEADERS 1
| #define HAVE_SYS_WAIT_H 1
| #define HAVE_AVAILABILITYMACROS_H 1
| #define FEAT_NORMAL 1
| #define USE_XSMP_INTERACT 1
| #define FEAT_CSCOPE 1
| #define FEAT_NETBEANS_INTG 1
| #define FEAT_MBYTE 1
| #define HAVE_X11_SM_SMLIB_H 1
| #define HAVE_DATE_TIME 1
| #define HAVE_ATTRIBUTE_UNUSED 1
| #define HAVE_DIRENT_H 1
| #define HAVE_STDARG_H 1
| #define HAVE_STDINT_H 1
| #define HAVE_STDLIB_H 1
| #define HAVE_STRING_H 1
| #define HAVE_SYS_SELECT_H 1
| #define HAVE_SYS_UTSNAME_H 1
| #define HAVE_TERMCAP_H 1
| #define HAVE_FCNTL_H 1
| #define HAVE_SGTTY_H 1
| #define HAVE_SYS_IOCTL_H 1
| #define HAVE_SYS_TIME_H 1
| #define HAVE_SYS_TYPES_H 1
| #define HAVE_ICONV_H 1
| #define HAVE_INTTYPES_H 1
| #define HAVE_LANGINFO_H 1
| #define HAVE_MATH_H 1
| #define HAVE_UNISTD_H 1
| #define HAVE_ERRNO_H 1
| #define HAVE_SYS_RESOURCE_H 1
| #define HAVE_LOCALE_H 1
| #define HAVE_TERMIOS_H 1
| #define HAVE_LIBC_H 1
| #define HAVE_POLL_H 1
| #define HAVE_SYS_POLL_H 1
| #define HAVE_PWD_H 1
| #define HAVE_UTIME_H 1
| #define HAVE_SYS_PARAM_H 1
| #define HAVE_LIBGEN_H 1
| #define HAVE_SYS_ACL_H 1
| #define HAVE_WCHAR_H 1
| #define HAVE_WCTYPE_H 1
| #define HAVE_SYS_SYSCTL_H 1
| #define HAVE_STRINGS_H 1
| #define TIME_WITH_SYS_TIME 1
| /* end confdefs.h.  */
| 
| #include <sys/types.h>
| #if STDC_HEADERS
| # include <stdlib.h>
| # include <stddef.h>
| #endif
| #include <signal.h>
| #include "confdefs.h"
| 
| int
| main ()
| {
| stack_t sigstk; sigstk.ss_base = 0;
|   ;
|   return 0;
| }
configure:10633: result: no
configure:10639: checking --with-tlib argument
configure:10674: result: empty: automatic terminal library selection
configure:10682: checking for tgetent in -ltinfo
configure:10707: gcc -o conftest -g -O2   -L/usr/local/lib conftest.c -ltinfo   >&5
ld: library not found for -ltinfo
clang: error: linker command failed with exit code 1 (use -v to see invocation)
configure:10707: $? = 1
configure: failed program was:
| /* confdefs.h */
| #define PACKAGE_NAME ""
| #define PACKAGE_TARNAME ""
| #define PACKAGE_VERSION ""
| #define PACKAGE_STRING ""
| #define PACKAGE_BUGREPORT ""
| #define PACKAGE_URL ""
| #define UNIX 1
| #define STDC_HEADERS 1
| #define HAVE_SYS_WAIT_H 1
| #define HAVE_AVAILABILITYMACROS_H 1
| #define FEAT_NORMAL 1
| #define USE_XSMP_INTERACT 1
| #define FEAT_CSCOPE 1
| #define FEAT_NETBEANS_INTG 1
| #define FEAT_MBYTE 1
| #define HAVE_X11_SM_SMLIB_H 1
| #define HAVE_DATE_TIME 1
| #define HAVE_ATTRIBUTE_UNUSED 1
| #define HAVE_DIRENT_H 1
| #define HAVE_STDARG_H 1
| #define HAVE_STDINT_H 1
| #define HAVE_STDLIB_H 1
| #define HAVE_STRING_H 1
| #define HAVE_SYS_SELECT_H 1
| #define HAVE_SYS_UTSNAME_H 1
| #define HAVE_TERMCAP_H 1
| #define HAVE_FCNTL_H 1
| #define HAVE_SGTTY_H 1
| #define HAVE_SYS_IOCTL_H 1
| #define HAVE_SYS_TIME_H 1
| #define HAVE_SYS_TYPES_H 1
| #define HAVE_ICONV_H 1
| #define HAVE_INTTYPES_H 1
| #define HAVE_LANGINFO_H 1
| #define HAVE_MATH_H 1
| #define HAVE_UNISTD_H 1
| #define HAVE_ERRNO_H 1
| #define HAVE_SYS_RESOURCE_H 1
| #define HAVE_LOCALE_H 1
| #define HAVE_TERMIOS_H 1
| #define HAVE_LIBC_H 1
| #define HAVE_POLL_H 1
| #define HAVE_SYS_POLL_H 1
| #define HAVE_PWD_H 1
| #define HAVE_UTIME_H 1
| #define HAVE_SYS_PARAM_H 1
| #define HAVE_LIBGEN_H 1
| #define HAVE_SYS_ACL_H 1
| #define HAVE_WCHAR_H 1
| #define HAVE_WCTYPE_H 1
| #define HAVE_SYS_SYSCTL_H 1
| #define HAVE_STRINGS_H 1
| #define TIME_WITH_SYS_TIME 1
| /* end confdefs.h.  */
| 
| /* Override any GCC internal prototype to avoid an error.
|    Use char because int might match the return type of a GCC
|    builtin and then its argument prototype would still apply.  */
| #ifdef __cplusplus
| extern "C"
| #endif
| char tgetent ();
| int
| main ()
| {
| return tgetent ();
|   ;
|   return 0;
| }
configure:10717: result: no
configure:10682: checking for tgetent in -lncurses
configure:10717: result: yes
configure:10744: gcc -o conftest -g -O2   -L/usr/local/lib conftest.c -lncurses  >&5
conftest.c:65:1: warning: type specifier missing, defaults to 'int' [-Wimplicit-int]
main() {char *s; s=(char *)tgoto("%p1%d", 0, 1); exit(0); }
^
1 warning generated.
configure:10744: $? = 0
configure:10744: ./conftest
configure:10744: $? = 0
configure:10793: checking whether we talk terminfo
configure:10837: result: yes
configure:10846: checking what tgetent() returns for an unknown terminal
configure:10887: result: non-zero
configure:10896: checking whether termcap.h contains ospeed
configure:10913: gcc -o conftest -g -O2   -L/usr/local/lib conftest.c -lncurses  >&5
configure:10913: $? = 0
configure:10914: result: yes
configure:10953: checking whether termcap.h contains UP, BC and PC
configure:10970: gcc -o conftest -g -O2   -L/usr/local/lib conftest.c -lncurses  >&5
configure:10970: $? = 0
configure:10971: result: yes
configure:11010: checking whether tputs() uses outfuntype
configure:11027: gcc -c -g -O2  conftest.c >&5
conftest.c:68:47: error: expected ')'
extern int xx(); tputs("test", 1, (outfuntype)xx)
                                              ^
conftest.c:68:23: note: to match this '('
extern int xx(); tputs("test", 1, (outfuntype)xx)
                      ^
1 error generated.
configure:11027: $? = 1
configure: failed program was:
| /* confdefs.h */
| #define PACKAGE_NAME ""
| #define PACKAGE_TARNAME ""
| #define PACKAGE_VERSION ""
| #define PACKAGE_STRING ""
| #define PACKAGE_BUGREPORT ""
| #define PACKAGE_URL ""
| #define UNIX 1
| #define STDC_HEADERS 1
| #define HAVE_SYS_WAIT_H 1
| #define HAVE_AVAILABILITYMACROS_H 1
| #define FEAT_NORMAL 1
| #define USE_XSMP_INTERACT 1
| #define FEAT_CSCOPE 1
| #define FEAT_NETBEANS_INTG 1
| #define FEAT_MBYTE 1
| #define HAVE_X11_SM_SMLIB_H 1
| #define HAVE_DATE_TIME 1
| #define HAVE_ATTRIBUTE_UNUSED 1
| #define HAVE_DIRENT_H 1
| #define HAVE_STDARG_H 1
| #define HAVE_STDINT_H 1
| #define HAVE_STDLIB_H 1
| #define HAVE_STRING_H 1
| #define HAVE_SYS_SELECT_H 1
| #define HAVE_SYS_UTSNAME_H 1
| #define HAVE_TERMCAP_H 1
| #define HAVE_FCNTL_H 1
| #define HAVE_SGTTY_H 1
| #define HAVE_SYS_IOCTL_H 1
| #define HAVE_SYS_TIME_H 1
| #define HAVE_SYS_TYPES_H 1
| #define HAVE_ICONV_H 1
| #define HAVE_INTTYPES_H 1
| #define HAVE_LANGINFO_H 1
| #define HAVE_MATH_H 1
| #define HAVE_UNISTD_H 1
| #define HAVE_ERRNO_H 1
| #define HAVE_SYS_RESOURCE_H 1
| #define HAVE_LOCALE_H 1
| #define HAVE_TERMIOS_H 1
| #define HAVE_LIBC_H 1
| #define HAVE_POLL_H 1
| #define HAVE_SYS_POLL_H 1
| #define HAVE_PWD_H 1
| #define HAVE_UTIME_H 1
| #define HAVE_SYS_PARAM_H 1
| #define HAVE_LIBGEN_H 1
| #define HAVE_SYS_ACL_H 1
| #define HAVE_WCHAR_H 1
| #define HAVE_WCTYPE_H 1
| #define HAVE_SYS_SYSCTL_H 1
| #define HAVE_STRINGS_H 1
| #define TIME_WITH_SYS_TIME 1
| #define HAVE_LIBNCURSES 1
| #define TERMINFO 1
| #define HAVE_OSPEED 1
| #define HAVE_UP_BC_PC 1
| /* end confdefs.h.  */
| 
| #ifdef HAVE_TERMCAP_H
| # include <termcap.h>
| #endif
| 
| int
| main ()
| {
| extern int xx(); tputs("test", 1, (outfuntype)xx)
|   ;
|   return 0;
| }
configure:11032: result: no
configure:11037: checking whether sys/select.h and sys/time.h may both be included
configure:11053: gcc -c -g -O2  conftest.c >&5
configure:11053: $? = 0
configure:11054: result: yes
configure:11065: checking for /dev/ptc
configure:11073: result: no
configure:11077: checking for SVR4 ptys
configure:11091: gcc -o conftest -g -O2   -L/usr/local/lib conftest.c -lncurses  >&5
conftest.c:65:1: warning: implicit declaration of function 'ptsname' is invalid in C99 [-Wimplicit-function-declaration]
ptsname(0);grantpt(0);unlockpt(0);
^
conftest.c:65:12: warning: implicit declaration of function 'grantpt' is invalid in C99 [-Wimplicit-function-declaration]
ptsname(0);grantpt(0);unlockpt(0);
           ^
conftest.c:65:23: warning: implicit declaration of function 'unlockpt' is invalid in C99 [-Wimplicit-function-declaration]
ptsname(0);grantpt(0);unlockpt(0);
                      ^
3 warnings generated.
configure:11091: $? = 0
configure:11092: result: yes
configure:11106: checking for ptyranges
configure:11139: result: pqrstuvw / 0123456789abcdef
configure:11147: checking default tty permissions/group
configure:11226: result: world
configure:11244: checking return type of signal handlers
configure:11269: result: void
configure:11286: checking for struct sigcontext
configure:11306: gcc -c -g -O2  conftest.c >&5
conftest.c:68:1: warning: type specifier missing, defaults to 'int' [-Wimplicit-int]
test_sig()
^
1 warning generated.
configure:11306: $? = 0
configure:11307: result: yes
configure:11317: checking getcwd implementation is broken
configure:11360: result: no
configure:11377: checking for bcmp
configure:11377: result: yes
configure:11377: checking for fchdir
configure:11377: result: yes
configure:11377: checking for fchown
configure:11377: result: yes
configure:11377: checking for fsync
configure:11377: result: yes
configure:11377: checking for getcwd
configure:11377: result: yes
configure:11377: checking for getpseudotty
configure:11377: result: no
configure:11377: checking for getpwent
configure:11377: gcc -o conftest -g -O2   -L/usr/local/lib conftest.c -lncurses  >&5
configure:11377: $? = 0
configure:11377: result: yes
configure:11377: checking for getpwnam
configure:11377: result: yes
configure:11377: checking for getpwuid
configure:11377: result: yes
configure:11377: checking for getrlimit
configure:11377: result: yes
configure:11377: checking for gettimeofday
configure:11377: result: yes
configure:11377: checking for getwd
configure:11377: result: yes
configure:11377: checking for lstat
configure:11377: result: yes
configure:11377: checking for memcmp
configure:11377: result: yes
configure:11377: checking for memset
configure:11377: result: yes
configure:11377: checking for mkdtemp
configure:11377: result: yes
configure:11377: checking for nanosleep
configure:11377: result: yes
configure:11377: checking for opendir
configure:11377: result: yes
configure:11377: checking for putenv
configure:11377: result: yes
configure:11377: checking for qsort
configure:11377: result: yes
configure:11377: checking for readlink
configure:11377: result: yes
configure:11377: checking for select
configure:11377: result: yes
configure:11377: checking for setenv
configure:11377: result: yes
configure:11377: checking for setpgid
configure:11377: result: yes
configure:11377: checking for setsid
configure:11377: result: yes
configure:11377: checking for sigaltstack
configure:11377: result: yes
configure:11377: checking for sigstack
configure:11377: result: no
configure:11377: checking for sigset
configure:11377: result: yes
configure:11377: checking for sigsetjmp
configure:11377: result: yes
configure:11377: checking for sigaction
configure:11377: result: yes
configure:11377: checking for sigvec
configure:11377: result: yes
configure:11377: checking for strcasecmp
configure:11377: result: yes
configure:11377: checking for strerror
configure:11377: result: yes
configure:11377: checking for strftime
configure:11377: result: yes
configure:11377: checking for stricmp
configure:11377: result: no
configure:11377: checking for strncasecmp
configure:11377: result: yes
configure:11377: checking for strnicmp
configure:11377: result: no
configure:11377: checking for strpbrk
configure:11377: result: yes
configure:11377: checking for strtol
configure:11377: result: yes
configure:11377: checking for tgetent
configure:11377: result: yes
configure:11377: checking for towlower
configure:11377: result: yes
configure:11377: checking for towupper
configure:11377: result: yes
configure:11377: checking for iswupper
configure:11377: result: yes
configure:11377: checking for usleep
configure:11377: result: yes
configure:11377: checking for utime
configure:11377: result: yes
configure:11377: checking for utimes
configure:11377: result: yes
configure:11386: checking for _LARGEFILE_SOURCE value needed for large files
configure:11433: result: no
configure:11462: checking for special C compiler options needed for large files
configure:11507: result: no
configure:11513: checking for _FILE_OFFSET_BITS value needed for large files
configure:11570: result: no
configure:11656: checking for st_blksize
configure:11674: gcc -c -g -O2  conftest.c >&5
configure:11674: $? = 0
configure:11675: result: yes
configure:11684: checking whether stat() ignores a trailing slash
configure:11723: result: no
configure:11731: checking for iconv_open()
configure:11750: gcc -o conftest -g -O2   -L/usr/local/lib conftest.c -lncurses  -liconv >&5
configure:11750: $? = 0
configure:11751: result: yes; with -liconv
configure:11786: checking for nl_langinfo(CODESET)
configure:11803: gcc -o conftest -g -O2   -L/usr/local/lib conftest.c -lncurses  -liconv >&5
configure:11803: $? = 0
configure:11804: result: yes
configure:11814: checking for strtod in -lm
configure:11848: result: yes
configure:11859: checking for strtod() and other floating point functions
configure:11891: gcc -o conftest -g -O2   -L/usr/local/lib conftest.c -lm -lncurses  -liconv >&5
configure:11891: $? = 0
configure:11892: result: yes
configure:11902: checking --disable-acl argument
configure:11912: result: no
configure:11914: checking for acl_get_file in -lposix1e
configure:11948: result: no
configure:11953: checking for acl_get_file in -lacl
configure:11987: result: no
configure:12036: checking for POSIX ACL support
configure:12056: gcc -o conftest -g -O2   -L/usr/local/lib conftest.c -lm -lncurses  -liconv >&5
configure:12056: $? = 0
configure:12057: result: yes
configure:12067: checking for acl_get in -lsec
configure:12092: gcc -o conftest -g -O2   -L/usr/local/lib conftest.c -lsec  -lm -lncurses  -liconv >&5
ld: library not found for -lsec
clang: error: linker command failed with exit code 1 (use -v to see invocation)
configure:12092: $? = 1
configure: failed program was:
| /* confdefs.h */
| #define PACKAGE_NAME ""
| #define PACKAGE_TARNAME ""
| #define PACKAGE_VERSION ""
| #define PACKAGE_STRING ""
| #define PACKAGE_BUGREPORT ""
| #define PACKAGE_URL ""
| #define UNIX 1
| #define STDC_HEADERS 1
| #define HAVE_SYS_WAIT_H 1
| #define HAVE_AVAILABILITYMACROS_H 1
| #define FEAT_NORMAL 1
| #define USE_XSMP_INTERACT 1
| #define FEAT_CSCOPE 1
| #define FEAT_NETBEANS_INTG 1
| #define FEAT_MBYTE 1
| #define HAVE_X11_SM_SMLIB_H 1
| #define HAVE_DATE_TIME 1
| #define HAVE_ATTRIBUTE_UNUSED 1
| #define HAVE_DIRENT_H 1
| #define HAVE_STDARG_H 1
| #define HAVE_STDINT_H 1
| #define HAVE_STDLIB_H 1
| #define HAVE_STRING_H 1
| #define HAVE_SYS_SELECT_H 1
| #define HAVE_SYS_UTSNAME_H 1
| #define HAVE_TERMCAP_H 1
| #define HAVE_FCNTL_H 1
| #define HAVE_SGTTY_H 1
| #define HAVE_SYS_IOCTL_H 1
| #define HAVE_SYS_TIME_H 1
| #define HAVE_SYS_TYPES_H 1
| #define HAVE_ICONV_H 1
| #define HAVE_INTTYPES_H 1
| #define HAVE_LANGINFO_H 1
| #define HAVE_MATH_H 1
| #define HAVE_UNISTD_H 1
| #define HAVE_ERRNO_H 1
| #define HAVE_SYS_RESOURCE_H 1
| #define HAVE_LOCALE_H 1
| #define HAVE_TERMIOS_H 1
| #define HAVE_LIBC_H 1
| #define HAVE_POLL_H 1
| #define HAVE_SYS_POLL_H 1
| #define HAVE_PWD_H 1
| #define HAVE_UTIME_H 1
| #define HAVE_SYS_PARAM_H 1
| #define HAVE_LIBGEN_H 1
| #define HAVE_SYS_ACL_H 1
| #define HAVE_WCHAR_H 1
| #define HAVE_WCTYPE_H 1
| #define HAVE_SYS_SYSCTL_H 1
| #define HAVE_STRINGS_H 1
| #define TIME_WITH_SYS_TIME 1
| #define HAVE_LIBNCURSES 1
| #define TERMINFO 1
| #define HAVE_OSPEED 1
| #define HAVE_UP_BC_PC 1
| #define SYS_SELECT_WITH_SYS_TIME 1
| #define HAVE_SVR4_PTYS 1
| #define PTYRANGE0 "pqrstuvw"
| #define PTYRANGE1 "0123456789abcdef"
| #define RETSIGTYPE void
| #define SIGRETURN return
| #define HAVE_SIGCONTEXT 1
| #define HAVE_BCMP 1
| #define HAVE_FCHDIR 1
| #define HAVE_FCHOWN 1
| #define HAVE_FSYNC 1
| #define HAVE_GETCWD 1
| #define HAVE_GETPWENT 1
| #define HAVE_GETPWNAM 1
| #define HAVE_GETPWUID 1
| #define HAVE_GETRLIMIT 1
| #define HAVE_GETTIMEOFDAY 1
| #define HAVE_GETWD 1
| #define HAVE_LSTAT 1
| #define HAVE_MEMCMP 1
| #define HAVE_MEMSET 1
| #define HAVE_MKDTEMP 1
| #define HAVE_NANOSLEEP 1
| #define HAVE_OPENDIR 1
| #define HAVE_PUTENV 1
| #define HAVE_QSORT 1
| #define HAVE_READLINK 1
| #define HAVE_SELECT 1
| #define HAVE_SETENV 1
| #define HAVE_SETPGID 1
| #define HAVE_SETSID 1
| #define HAVE_SIGALTSTACK 1
| #define HAVE_SIGSET 1
| #define HAVE_SIGSETJMP 1
| #define HAVE_SIGACTION 1
| #define HAVE_SIGVEC 1
| #define HAVE_STRCASECMP 1
| #define HAVE_STRERROR 1
| #define HAVE_STRFTIME 1
| #define HAVE_STRNCASECMP 1
| #define HAVE_STRPBRK 1
| #define HAVE_STRTOL 1
| #define HAVE_TGETENT 1
| #define HAVE_TOWLOWER 1
| #define HAVE_TOWUPPER 1
| #define HAVE_ISWUPPER 1
| #define HAVE_USLEEP 1
| #define HAVE_UTIME 1
| #define HAVE_UTIMES 1
| #define HAVE_FSEEKO 1
| #define HAVE_ST_BLKSIZE 1
| #define HAVE_ICONV 1
| #define HAVE_NL_LANGINFO_CODESET 1
| #define HAVE_LIBM 1
| #define HAVE_FLOAT_FUNCS 1
| #define HAVE_POSIX_ACL 1
| /* end confdefs.h.  */
| 
| /* Override any GCC internal prototype to avoid an error.
|    Use char because int might match the return type of a GCC
|    builtin and then its argument prototype would still apply.  */
| #ifdef __cplusplus
| extern "C"
| #endif
| char acl_get ();
| int
| main ()
| {
| return acl_get ();
|   ;
|   return 0;
| }
configure:12101: result: no
configure:12107: checking for Solaris ACL support
configure:12124: gcc -o conftest -g -O2   -L/usr/local/lib conftest.c -lm -lncurses  -liconv >&5
In file included from conftest.c:118:
In file included from /Applications/Xcode.app/Contents/Developer/Platforms/MacOSX.platform/Developer/SDKs/MacOSX10.12.sdk/usr/include/sys/acl.h:27:
/Applications/Xcode.app/Contents/Developer/Platforms/MacOSX.platform/Developer/SDKs/MacOSX10.12.sdk/usr/include/sys/kauth.h:58:2: error: unknown type name 'u_int8_t'; did you mean '__int8_t'?
        u_int8_t                sid_kind;
        ^
/Applications/Xcode.app/Contents/Developer/Platforms/MacOSX.platform/Developer/SDKs/MacOSX10.12.sdk/usr/include/i386/_types.h:37:24: note: '__int8_t' declared here
typedef __signed char           __int8_t;
                                ^
In file included from conftest.c:118:
In file included from /Applications/Xcode.app/Contents/Developer/Platforms/MacOSX.platform/Developer/SDKs/MacOSX10.12.sdk/usr/include/sys/acl.h:27:
/Applications/Xcode.app/Contents/Developer/Platforms/MacOSX.platform/Developer/SDKs/MacOSX10.12.sdk/usr/include/sys/kauth.h:59:2: error: unknown type name 'u_int8_t'; did you mean '__int8_t'?
        u_int8_t                sid_authcount;
        ^
/Applications/Xcode.app/Contents/Developer/Platforms/MacOSX.platform/Developer/SDKs/MacOSX10.12.sdk/usr/include/i386/_types.h:37:24: note: '__int8_t' declared here
typedef __signed char           __int8_t;
                                ^
In file included from conftest.c:118:
In file included from /Applications/Xcode.app/Contents/Developer/Platforms/MacOSX.platform/Developer/SDKs/MacOSX10.12.sdk/usr/include/sys/acl.h:27:
/Applications/Xcode.app/Contents/Developer/Platforms/MacOSX.platform/Developer/SDKs/MacOSX10.12.sdk/usr/include/sys/kauth.h:60:2: error: unknown type name 'u_int8_t'; did you mean '__int8_t'?
        u_int8_t                sid_authority[6];
        ^
/Applications/Xcode.app/Contents/Developer/Platforms/MacOSX.platform/Developer/SDKs/MacOSX10.12.sdk/usr/include/i386/_types.h:37:24: note: '__int8_t' declared here
typedef __signed char           __int8_t;
                                ^
In file included from conftest.c:118:
In file included from /Applications/Xcode.app/Contents/Developer/Platforms/MacOSX.platform/Developer/SDKs/MacOSX10.12.sdk/usr/include/sys/acl.h:27:
/Applications/Xcode.app/Contents/Developer/Platforms/MacOSX.platform/Developer/SDKs/MacOSX10.12.sdk/usr/include/sys/kauth.h:62:2: error: unknown type name 'u_int32_t'; did you mean '__int32_t'?
        u_int32_t       sid_authorities[KAUTH_NTSID_MAX_AUTHORITIES];
        ^
/Applications/Xcode.app/Contents/Developer/Platforms/MacOSX.platform/Developer/SDKs/MacOSX10.12.sdk/usr/include/i386/_types.h:44:15: note: '__int32_t' declared here
typedef int                     __int32_t;
                                ^
In file included from conftest.c:118:
In file included from /Applications/Xcode.app/Contents/Developer/Platforms/MacOSX.platform/Developer/SDKs/MacOSX10.12.sdk/usr/include/sys/acl.h:27:
/Applications/Xcode.app/Contents/Developer/Platforms/MacOSX.platform/Developer/SDKs/MacOSX10.12.sdk/usr/include/sys/kauth.h:79:2: error: unknown type name 'u_int32_t'; did you mean '__int32_t'?
        u_int32_t       el_seqno;       /* request sequence number */
        ^
/Applications/Xcode.app/Contents/Developer/Platforms/MacOSX.platform/Developer/SDKs/MacOSX10.12.sdk/usr/include/i386/_types.h:44:15: note: '__int32_t' declared here
typedef int                     __int32_t;
                                ^
In file included from conftest.c:118:
In file included from /Applications/Xcode.app/Contents/Developer/Platforms/MacOSX.platform/Developer/SDKs/MacOSX10.12.sdk/usr/include/sys/acl.h:27:
/Applications/Xcode.app/Contents/Developer/Platforms/MacOSX.platform/Developer/SDKs/MacOSX10.12.sdk/usr/include/sys/kauth.h:80:2: error: unknown type name 'u_int32_t'; did you mean '__int32_t'?
        u_int32_t       el_result;      /* lookup result */
        ^
/Applications/Xcode.app/Contents/Developer/Platforms/MacOSX.platform/Developer/SDKs/MacOSX10.12.sdk/usr/include/i386/_types.h:44:15: note: '__int32_t' declared here
typedef int                     __int32_t;
                                ^
In file included from conftest.c:118:
In file included from /Applications/Xcode.app/Contents/Developer/Platforms/MacOSX.platform/Developer/SDKs/MacOSX10.12.sdk/usr/include/sys/acl.h:27:
/Applications/Xcode.app/Contents/Developer/Platforms/MacOSX.platform/Developer/SDKs/MacOSX10.12.sdk/usr/include/sys/kauth.h:86:2: error: unknown type name 'u_int32_t'; did you mean '__int32_t'?
        u_int32_t       el_flags;
        ^
/Applications/Xcode.app/Contents/Developer/Platforms/MacOSX.platform/Developer/SDKs/MacOSX10.12.sdk/usr/include/i386/_types.h:44:15: note: '__int32_t' declared here
typedef int                     __int32_t;
                                ^
In file included from conftest.c:118:
In file included from /Applications/Xcode.app/Contents/Developer/Platforms/MacOSX.platform/Developer/SDKs/MacOSX10.12.sdk/usr/include/sys/acl.h:27:
/Applications/Xcode.app/Contents/Developer/Platforms/MacOSX.platform/Developer/SDKs/MacOSX10.12.sdk/usr/include/sys/kauth.h:110:2: error: unknown type name 'u_int64_t'; did you mean '__int64_t'?
        u_int64_t       el_extend;              /* extension field */
        ^
/Applications/Xcode.app/Contents/Developer/Platforms/MacOSX.platform/Developer/SDKs/MacOSX10.12.sdk/usr/include/i386/_types.h:46:20: note: '__int64_t' declared here
typedef long long               __int64_t;
                                ^
In file included from conftest.c:118:
In file included from /Applications/Xcode.app/Contents/Developer/Platforms/MacOSX.platform/Developer/SDKs/MacOSX10.12.sdk/usr/include/sys/acl.h:27:
/Applications/Xcode.app/Contents/Developer/Platforms/MacOSX.platform/Developer/SDKs/MacOSX10.12.sdk/usr/include/sys/kauth.h:111:2: error: unknown type name 'u_int32_t'; did you mean '__int32_t'?
        u_int32_t       el_info_reserved_1;     /* reserved (APPLE) */
        ^
/Applications/Xcode.app/Contents/Developer/Platforms/MacOSX.platform/Developer/SDKs/MacOSX10.12.sdk/usr/include/i386/_types.h:44:15: note: '__int32_t' declared here
typedef int                     __int32_t;
                                ^
In file included from conftest.c:118:
In file included from /Applications/Xcode.app/Contents/Developer/Platforms/MacOSX.platform/Developer/SDKs/MacOSX10.12.sdk/usr/include/sys/acl.h:27:
/Applications/Xcode.app/Contents/Developer/Platforms/MacOSX.platform/Developer/SDKs/MacOSX10.12.sdk/usr/include/sys/kauth.h:113:2: error: unknown type name 'uid_t'; did you mean 'guid_t'?
        uid_t           el_uid;         /* user ID */
        ^
/Applications/Xcode.app/Contents/Developer/Platforms/MacOSX.platform/Developer/SDKs/MacOSX10.12.sdk/usr/include/sys/_types/_guid_t.h:34:3: note: 'guid_t' declared here
} guid_t;
  ^
In file included from conftest.c:118:
In file included from /Applications/Xcode.app/Contents/Developer/Platforms/MacOSX.platform/Developer/SDKs/MacOSX10.12.sdk/usr/include/sys/acl.h:27:
/Applications/Xcode.app/Contents/Developer/Platforms/MacOSX.platform/Developer/SDKs/MacOSX10.12.sdk/usr/include/sys/kauth.h:115:2: error: unknown type name 'u_int32_t'; did you mean '__int32_t'?
        u_int32_t       el_uguid_valid; /* TTL on translation result (seconds) */
        ^
/Applications/Xcode.app/Contents/Developer/Platforms/MacOSX.platform/Developer/SDKs/MacOSX10.12.sdk/usr/include/i386/_types.h:44:15: note: '__int32_t' declared here
typedef int                     __int32_t;
                                ^
In file included from conftest.c:118:
In file included from /Applications/Xcode.app/Contents/Developer/Platforms/MacOSX.platform/Developer/SDKs/MacOSX10.12.sdk/usr/include/sys/acl.h:27:
/Applications/Xcode.app/Contents/Developer/Platforms/MacOSX.platform/Developer/SDKs/MacOSX10.12.sdk/usr/include/sys/kauth.h:117:2: error: unknown type name 'u_int32_t'; did you mean '__int32_t'?
        u_int32_t       el_usid_valid;  /* TTL on translation result (seconds) */
        ^
/Applications/Xcode.app/Contents/Developer/Platforms/MacOSX.platform/Developer/SDKs/MacOSX10.12.sdk/usr/include/i386/_types.h:44:15: note: '__int32_t' declared here
typedef int                     __int32_t;
                                ^
In file included from conftest.c:118:
In file included from /Applications/Xcode.app/Contents/Developer/Platforms/MacOSX.platform/Developer/SDKs/MacOSX10.12.sdk/usr/include/sys/acl.h:27:
/Applications/Xcode.app/Contents/Developer/Platforms/MacOSX.platform/Developer/SDKs/MacOSX10.12.sdk/usr/include/sys/kauth.h:118:2: error: unknown type name 'gid_t'; did you mean 'guid_t'?
        gid_t           el_gid;         /* group ID */
        ^
/Applications/Xcode.app/Contents/Developer/Platforms/MacOSX.platform/Developer/SDKs/MacOSX10.12.sdk/usr/include/sys/_types/_guid_t.h:34:3: note: 'guid_t' declared here
} guid_t;
  ^
In file included from conftest.c:118:
In file included from /Applications/Xcode.app/Contents/Developer/Platforms/MacOSX.platform/Developer/SDKs/MacOSX10.12.sdk/usr/include/sys/acl.h:27:
/Applications/Xcode.app/Contents/Developer/Platforms/MacOSX.platform/Developer/SDKs/MacOSX10.12.sdk/usr/include/sys/kauth.h:120:2: error: unknown type name 'u_int32_t'; did you mean '__int32_t'?
        u_int32_t       el_gguid_valid; /* TTL on translation result (seconds) */
        ^
/Applications/Xcode.app/Contents/Developer/Platforms/MacOSX.platform/Developer/SDKs/MacOSX10.12.sdk/usr/include/i386/_types.h:44:15: note: '__int32_t' declared here
typedef int                     __int32_t;
                                ^
In file included from conftest.c:118:
In file included from /Applications/Xcode.app/Contents/Developer/Platforms/MacOSX.platform/Developer/SDKs/MacOSX10.12.sdk/usr/include/sys/acl.h:27:
/Applications/Xcode.app/Contents/Developer/Platforms/MacOSX.platform/Developer/SDKs/MacOSX10.12.sdk/usr/include/sys/kauth.h:122:2: error: unknown type name 'u_int32_t'; did you mean '__int32_t'?
        u_int32_t       el_gsid_valid;  /* TTL on translation result (seconds) */
        ^
/Applications/Xcode.app/Contents/Developer/Platforms/MacOSX.platform/Developer/SDKs/MacOSX10.12.sdk/usr/include/i386/_types.h:44:15: note: '__int32_t' declared here
typedef int                     __int32_t;
                                ^
In file included from conftest.c:118:
In file included from /Applications/Xcode.app/Contents/Developer/Platforms/MacOSX.platform/Developer/SDKs/MacOSX10.12.sdk/usr/include/sys/acl.h:27:
/Applications/Xcode.app/Contents/Developer/Platforms/MacOSX.platform/Developer/SDKs/MacOSX10.12.sdk/usr/include/sys/kauth.h:123:2: error: unknown type name 'u_int32_t'; did you mean '__int32_t'?
        u_int32_t       el_member_valid; /* TTL on group lookup result */
        ^
/Applications/Xcode.app/Contents/Developer/Platforms/MacOSX.platform/Developer/SDKs/MacOSX10.12.sdk/usr/include/i386/_types.h:44:15: note: '__int32_t' declared here
typedef int                     __int32_t;
                                ^
In file included from conftest.c:118:
In file included from /Applications/Xcode.app/Contents/Developer/Platforms/MacOSX.platform/Developer/SDKs/MacOSX10.12.sdk/usr/include/sys/acl.h:27:
/Applications/Xcode.app/Contents/Developer/Platforms/MacOSX.platform/Developer/SDKs/MacOSX10.12.sdk/usr/include/sys/kauth.h:124:3: error: unknown type name 'u_int32_t'; did you mean '__int32_t'?
        u_int32_t       el_sup_grp_cnt;  /* count of supplemental groups up to NGROUPS */
        ^
/Applications/Xcode.app/Contents/Developer/Platforms/MacOSX.platform/Developer/SDKs/MacOSX10.12.sdk/usr/include/i386/_types.h:44:15: note: '__int32_t' declared here
typedef int                     __int32_t;
                                ^
In file included from conftest.c:118:
In file included from /Applications/Xcode.app/Contents/Developer/Platforms/MacOSX.platform/Developer/SDKs/MacOSX10.12.sdk/usr/include/sys/acl.h:27:
/Applications/Xcode.app/Contents/Developer/Platforms/MacOSX.platform/Developer/SDKs/MacOSX10.12.sdk/usr/include/sys/kauth.h:125:3: error: unknown type name 'gid_t'; did you mean 'guid_t'?
        gid_t           el_sup_groups[NGROUPS_MAX];     /* supplemental group list */
        ^
/Applications/Xcode.app/Contents/Developer/Platforms/MacOSX.platform/Developer/SDKs/MacOSX10.12.sdk/usr/include/sys/_types/_guid_t.h:34:3: note: 'guid_t' declared here
} guid_t;
  ^
In file included from conftest.c:118:
In file included from /Applications/Xcode.app/Contents/Developer/Platforms/MacOSX.platform/Developer/SDKs/MacOSX10.12.sdk/usr/include/sys/acl.h:27:
/Applications/Xcode.app/Contents/Developer/Platforms/MacOSX.platform/Developer/SDKs/MacOSX10.12.sdk/usr/include/sys/kauth.h:129:2: error: unknown type name 'u_int32_t'; did you mean '__int32_t'?
        u_int32_t kcs_group_size;
        ^
/Applications/Xcode.app/Contents/Developer/Platforms/MacOSX.platform/Developer/SDKs/MacOSX10.12.sdk/usr/include/i386/_types.h:44:15: note: '__int32_t' declared here
typedef int                     __int32_t;
                                ^
fatal error: too many errors emitted, stopping now [-ferror-limit=]
20 errors generated.
configure:12124: $? = 1
configure: failed program was:
| /* confdefs.h */
| #define PACKAGE_NAME ""
| #define PACKAGE_TARNAME ""
| #define PACKAGE_VERSION ""
| #define PACKAGE_STRING ""
| #define PACKAGE_BUGREPORT ""
| #define PACKAGE_URL ""
| #define UNIX 1
| #define STDC_HEADERS 1
| #define HAVE_SYS_WAIT_H 1
| #define HAVE_AVAILABILITYMACROS_H 1
| #define FEAT_NORMAL 1
| #define USE_XSMP_INTERACT 1
| #define FEAT_CSCOPE 1
| #define FEAT_NETBEANS_INTG 1
| #define FEAT_MBYTE 1
| #define HAVE_X11_SM_SMLIB_H 1
| #define HAVE_DATE_TIME 1
| #define HAVE_ATTRIBUTE_UNUSED 1
| #define HAVE_DIRENT_H 1
| #define HAVE_STDARG_H 1
| #define HAVE_STDINT_H 1
| #define HAVE_STDLIB_H 1
| #define HAVE_STRING_H 1
| #define HAVE_SYS_SELECT_H 1
| #define HAVE_SYS_UTSNAME_H 1
| #define HAVE_TERMCAP_H 1
| #define HAVE_FCNTL_H 1
| #define HAVE_SGTTY_H 1
| #define HAVE_SYS_IOCTL_H 1
| #define HAVE_SYS_TIME_H 1
| #define HAVE_SYS_TYPES_H 1
| #define HAVE_ICONV_H 1
| #define HAVE_INTTYPES_H 1
| #define HAVE_LANGINFO_H 1
| #define HAVE_MATH_H 1
| #define HAVE_UNISTD_H 1
| #define HAVE_ERRNO_H 1
| #define HAVE_SYS_RESOURCE_H 1
| #define HAVE_LOCALE_H 1
| #define HAVE_TERMIOS_H 1
| #define HAVE_LIBC_H 1
| #define HAVE_POLL_H 1
| #define HAVE_SYS_POLL_H 1
| #define HAVE_PWD_H 1
| #define HAVE_UTIME_H 1
| #define HAVE_SYS_PARAM_H 1
| #define HAVE_LIBGEN_H 1
| #define HAVE_SYS_ACL_H 1
| #define HAVE_WCHAR_H 1
| #define HAVE_WCTYPE_H 1
| #define HAVE_SYS_SYSCTL_H 1
| #define HAVE_STRINGS_H 1
| #define TIME_WITH_SYS_TIME 1
| #define HAVE_LIBNCURSES 1
| #define TERMINFO 1
| #define HAVE_OSPEED 1
| #define HAVE_UP_BC_PC 1
| #define SYS_SELECT_WITH_SYS_TIME 1
| #define HAVE_SVR4_PTYS 1
| #define PTYRANGE0 "pqrstuvw"
| #define PTYRANGE1 "0123456789abcdef"
| #define RETSIGTYPE void
| #define SIGRETURN return
| #define HAVE_SIGCONTEXT 1
| #define HAVE_BCMP 1
| #define HAVE_FCHDIR 1
| #define HAVE_FCHOWN 1
| #define HAVE_FSYNC 1
| #define HAVE_GETCWD 1
| #define HAVE_GETPWENT 1
| #define HAVE_GETPWNAM 1
| #define HAVE_GETPWUID 1
| #define HAVE_GETRLIMIT 1
| #define HAVE_GETTIMEOFDAY 1
| #define HAVE_GETWD 1
| #define HAVE_LSTAT 1
| #define HAVE_MEMCMP 1
| #define HAVE_MEMSET 1
| #define HAVE_MKDTEMP 1
| #define HAVE_NANOSLEEP 1
| #define HAVE_OPENDIR 1
| #define HAVE_PUTENV 1
| #define HAVE_QSORT 1
| #define HAVE_READLINK 1
| #define HAVE_SELECT 1
| #define HAVE_SETENV 1
| #define HAVE_SETPGID 1
| #define HAVE_SETSID 1
| #define HAVE_SIGALTSTACK 1
| #define HAVE_SIGSET 1
| #define HAVE_SIGSETJMP 1
| #define HAVE_SIGACTION 1
| #define HAVE_SIGVEC 1
| #define HAVE_STRCASECMP 1
| #define HAVE_STRERROR 1
| #define HAVE_STRFTIME 1
| #define HAVE_STRNCASECMP 1
| #define HAVE_STRPBRK 1
| #define HAVE_STRTOL 1
| #define HAVE_TGETENT 1
| #define HAVE_TOWLOWER 1
| #define HAVE_TOWUPPER 1
| #define HAVE_ISWUPPER 1
| #define HAVE_USLEEP 1
| #define HAVE_UTIME 1
| #define HAVE_UTIMES 1
| #define HAVE_FSEEKO 1
| #define HAVE_ST_BLKSIZE 1
| #define HAVE_ICONV 1
| #define HAVE_NL_LANGINFO_CODESET 1
| #define HAVE_LIBM 1
| #define HAVE_FLOAT_FUNCS 1
| #define HAVE_POSIX_ACL 1
| /* end confdefs.h.  */
| 
| #ifdef HAVE_SYS_ACL_H
| # include <sys/acl.h>
| #endif
| int
| main ()
| {
| acl("foo", GETACLCNT, 0, NULL);
| 
|   ;
|   return 0;
| }
configure:12129: result: no
configure:12137: checking for AIX ACL support
configure:12169: gcc -o conftest -g -O2   -L/usr/local/lib conftest.c -lm -lncurses  -liconv >&5
In file included from conftest.c:122:
In file included from /Applications/Xcode.app/Contents/Developer/Platforms/MacOSX.platform/Developer/SDKs/MacOSX10.12.sdk/usr/include/sys/acl.h:27:
/Applications/Xcode.app/Contents/Developer/Platforms/MacOSX.platform/Developer/SDKs/MacOSX10.12.sdk/usr/include/sys/kauth.h:118:2: error: unknown type name 'gid_t'
        gid_t           el_gid;         /* group ID */
        ^
/Applications/Xcode.app/Contents/Developer/Platforms/MacOSX.platform/Developer/SDKs/MacOSX10.12.sdk/usr/include/sys/kauth.h:125:3: error: unknown type name 'gid_t'
        gid_t           el_sup_groups[NGROUPS_MAX];     /* supplemental group list */
        ^
In file included from conftest.c:122:
/Applications/Xcode.app/Contents/Developer/Platforms/MacOSX.platform/Developer/SDKs/MacOSX10.12.sdk/usr/include/sys/acl.h:202:8: error: unknown type name 'ssize_t'
extern ssize_t  acl_copy_ext(void *buf_p, acl_t acl, ssize_t size);
       ^
/Applications/Xcode.app/Contents/Developer/Platforms/MacOSX.platform/Developer/SDKs/MacOSX10.12.sdk/usr/include/sys/acl.h:202:53: error: unknown type name 'ssize_t'
extern ssize_t  acl_copy_ext(void *buf_p, acl_t acl, ssize_t size);
                                                     ^
/Applications/Xcode.app/Contents/Developer/Platforms/MacOSX.platform/Developer/SDKs/MacOSX10.12.sdk/usr/include/sys/acl.h:203:8: error: unknown type name 'ssize_t'
extern ssize_t  acl_copy_ext_native(void *buf_p, acl_t acl, ssize_t size);
       ^
/Applications/Xcode.app/Contents/Developer/Platforms/MacOSX.platform/Developer/SDKs/MacOSX10.12.sdk/usr/include/sys/acl.h:203:60: error: unknown type name 'ssize_t'
extern ssize_t  acl_copy_ext_native(void *buf_p, acl_t acl, ssize_t size);
                                                            ^
/Applications/Xcode.app/Contents/Developer/Platforms/MacOSX.platform/Developer/SDKs/MacOSX10.12.sdk/usr/include/sys/acl.h:207:8: error: unknown type name 'ssize_t'
extern ssize_t  acl_size(acl_t acl);
       ^
/Applications/Xcode.app/Contents/Developer/Platforms/MacOSX.platform/Developer/SDKs/MacOSX10.12.sdk/usr/include/sys/acl.h:208:37: error: unknown type name 'ssize_t'
extern char     *acl_to_text(acl_t acl, ssize_t *len_p);
                                        ^
conftest.c:136:11: error: invalid application of 'sizeof' to an incomplete type 'struct acl'
aclsize = sizeof(struct acl);
          ^     ~~~~~~~~~~~~
conftest.c:132:8: note: forward declaration of 'struct acl'
struct acl *aclent;
       ^
conftest.c:138:2: warning: implicit declaration of function 'statacl' is invalid in C99 [-Wimplicit-function-declaration]
        statacl("foo", STX_NORMAL, aclent, aclsize);
        ^
conftest.c:138:17: error: use of undeclared identifier 'STX_NORMAL'
        statacl("foo", STX_NORMAL, aclent, aclsize);
                       ^
1 warning and 10 errors generated.
configure:12169: $? = 1
configure: failed program was:
| /* confdefs.h */
| #define PACKAGE_NAME ""
| #define PACKAGE_TARNAME ""
| #define PACKAGE_VERSION ""
| #define PACKAGE_STRING ""
| #define PACKAGE_BUGREPORT ""
| #define PACKAGE_URL ""
| #define UNIX 1
| #define STDC_HEADERS 1
| #define HAVE_SYS_WAIT_H 1
| #define HAVE_AVAILABILITYMACROS_H 1
| #define FEAT_NORMAL 1
| #define USE_XSMP_INTERACT 1
| #define FEAT_CSCOPE 1
| #define FEAT_NETBEANS_INTG 1
| #define FEAT_MBYTE 1
| #define HAVE_X11_SM_SMLIB_H 1
| #define HAVE_DATE_TIME 1
| #define HAVE_ATTRIBUTE_UNUSED 1
| #define HAVE_DIRENT_H 1
| #define HAVE_STDARG_H 1
| #define HAVE_STDINT_H 1
| #define HAVE_STDLIB_H 1
| #define HAVE_STRING_H 1
| #define HAVE_SYS_SELECT_H 1
| #define HAVE_SYS_UTSNAME_H 1
| #define HAVE_TERMCAP_H 1
| #define HAVE_FCNTL_H 1
| #define HAVE_SGTTY_H 1
| #define HAVE_SYS_IOCTL_H 1
| #define HAVE_SYS_TIME_H 1
| #define HAVE_SYS_TYPES_H 1
| #define HAVE_ICONV_H 1
| #define HAVE_INTTYPES_H 1
| #define HAVE_LANGINFO_H 1
| #define HAVE_MATH_H 1
| #define HAVE_UNISTD_H 1
| #define HAVE_ERRNO_H 1
| #define HAVE_SYS_RESOURCE_H 1
| #define HAVE_LOCALE_H 1
| #define HAVE_TERMIOS_H 1
| #define HAVE_LIBC_H 1
| #define HAVE_POLL_H 1
| #define HAVE_SYS_POLL_H 1
| #define HAVE_PWD_H 1
| #define HAVE_UTIME_H 1
| #define HAVE_SYS_PARAM_H 1
| #define HAVE_LIBGEN_H 1
| #define HAVE_SYS_ACL_H 1
| #define HAVE_WCHAR_H 1
| #define HAVE_WCTYPE_H 1
| #define HAVE_SYS_SYSCTL_H 1
| #define HAVE_STRINGS_H 1
| #define TIME_WITH_SYS_TIME 1
| #define HAVE_LIBNCURSES 1
| #define TERMINFO 1
| #define HAVE_OSPEED 1
| #define HAVE_UP_BC_PC 1
| #define SYS_SELECT_WITH_SYS_TIME 1
| #define HAVE_SVR4_PTYS 1
| #define PTYRANGE0 "pqrstuvw"
| #define PTYRANGE1 "0123456789abcdef"
| #define RETSIGTYPE void
| #define SIGRETURN return
| #define HAVE_SIGCONTEXT 1
| #define HAVE_BCMP 1
| #define HAVE_FCHDIR 1
| #define HAVE_FCHOWN 1
| #define HAVE_FSYNC 1
| #define HAVE_GETCWD 1
| #define HAVE_GETPWENT 1
| #define HAVE_GETPWNAM 1
| #define HAVE_GETPWUID 1
| #define HAVE_GETRLIMIT 1
| #define HAVE_GETTIMEOFDAY 1
| #define HAVE_GETWD 1
| #define HAVE_LSTAT 1
| #define HAVE_MEMCMP 1
| #define HAVE_MEMSET 1
| #define HAVE_MKDTEMP 1
| #define HAVE_NANOSLEEP 1
| #define HAVE_OPENDIR 1
| #define HAVE_PUTENV 1
| #define HAVE_QSORT 1
| #define HAVE_READLINK 1
| #define HAVE_SELECT 1
| #define HAVE_SETENV 1
| #define HAVE_SETPGID 1
| #define HAVE_SETSID 1
| #define HAVE_SIGALTSTACK 1
| #define HAVE_SIGSET 1
| #define HAVE_SIGSETJMP 1
| #define HAVE_SIGACTION 1
| #define HAVE_SIGVEC 1
| #define HAVE_STRCASECMP 1
| #define HAVE_STRERROR 1
| #define HAVE_STRFTIME 1
| #define HAVE_STRNCASECMP 1
| #define HAVE_STRPBRK 1
| #define HAVE_STRTOL 1
| #define HAVE_TGETENT 1
| #define HAVE_TOWLOWER 1
| #define HAVE_TOWUPPER 1
| #define HAVE_ISWUPPER 1
| #define HAVE_USLEEP 1
| #define HAVE_UTIME 1
| #define HAVE_UTIMES 1
| #define HAVE_FSEEKO 1
| #define HAVE_ST_BLKSIZE 1
| #define HAVE_ICONV 1
| #define HAVE_NL_LANGINFO_CODESET 1
| #define HAVE_LIBM 1
| #define HAVE_FLOAT_FUNCS 1
| #define HAVE_POSIX_ACL 1
| /* end confdefs.h.  */
| 
| #if STDC_HEADERS
| # include <stdlib.h>
| # include <stddef.h>
| #endif
| #ifdef HAVE_SYS_ACL_H
| # include <sys/acl.h>
| #endif
| #ifdef HAVE_SYS_ACCESS_H
| # include <sys/access.h>
| #endif
| #define _ALL_SOURCE
| 
| #include <sys/stat.h>
| 
| int aclsize;
| struct acl *aclent;
| int
| main ()
| {
| aclsize = sizeof(struct acl);
| 	aclent = (void *)malloc(aclsize);
| 	statacl("foo", STX_NORMAL, aclent, aclsize);
| 
|   ;
|   return 0;
| }
configure:12174: result: no
configure:12216: checking --disable-gpm argument
configure:12227: result: no
configure:12229: checking for gpm
configure:12257: result: no
configure:12269: checking --disable-sysmouse argument
configure:12280: result: no
configure:12282: checking for sysmouse
configure:12313: result: no
configure:12324: checking for FD_CLOEXEC
configure:12339: gcc -c -g -O2  conftest.c >&5
configure:12339: $? = 0
configure:12340: result: yes
configure:12349: checking for rename
configure:12362: gcc -o conftest -g -O2   -L/usr/local/lib conftest.c -lm -lncurses  -liconv >&5
configure:12362: $? = 0
configure:12363: result: yes
configure:12373: checking for sysctl
configure:12394: gcc -c -g -O2  conftest.c >&5
configure:12394: $? = 0
configure:12395: result: yes
configure:12404: checking for sysinfo
configure:12423: gcc -c -g -O2  conftest.c >&5
conftest.c:120:10: fatal error: 'sys/sysinfo.h' file not found
#include <sys/sysinfo.h>
         ^
1 error generated.
configure:12423: $? = 1
configure: failed program was:
| /* confdefs.h */
| #define PACKAGE_NAME ""
| #define PACKAGE_TARNAME ""
| #define PACKAGE_VERSION ""
| #define PACKAGE_STRING ""
| #define PACKAGE_BUGREPORT ""
| #define PACKAGE_URL ""
| #define UNIX 1
| #define STDC_HEADERS 1
| #define HAVE_SYS_WAIT_H 1
| #define HAVE_AVAILABILITYMACROS_H 1
| #define FEAT_NORMAL 1
| #define USE_XSMP_INTERACT 1
| #define FEAT_CSCOPE 1
| #define FEAT_NETBEANS_INTG 1
| #define FEAT_MBYTE 1
| #define HAVE_X11_SM_SMLIB_H 1
| #define HAVE_DATE_TIME 1
| #define HAVE_ATTRIBUTE_UNUSED 1
| #define HAVE_DIRENT_H 1
| #define HAVE_STDARG_H 1
| #define HAVE_STDINT_H 1
| #define HAVE_STDLIB_H 1
| #define HAVE_STRING_H 1
| #define HAVE_SYS_SELECT_H 1
| #define HAVE_SYS_UTSNAME_H 1
| #define HAVE_TERMCAP_H 1
| #define HAVE_FCNTL_H 1
| #define HAVE_SGTTY_H 1
| #define HAVE_SYS_IOCTL_H 1
| #define HAVE_SYS_TIME_H 1
| #define HAVE_SYS_TYPES_H 1
| #define HAVE_ICONV_H 1
| #define HAVE_INTTYPES_H 1
| #define HAVE_LANGINFO_H 1
| #define HAVE_MATH_H 1
| #define HAVE_UNISTD_H 1
| #define HAVE_ERRNO_H 1
| #define HAVE_SYS_RESOURCE_H 1
| #define HAVE_LOCALE_H 1
| #define HAVE_TERMIOS_H 1
| #define HAVE_LIBC_H 1
| #define HAVE_POLL_H 1
| #define HAVE_SYS_POLL_H 1
| #define HAVE_PWD_H 1
| #define HAVE_UTIME_H 1
| #define HAVE_SYS_PARAM_H 1
| #define HAVE_LIBGEN_H 1
| #define HAVE_SYS_ACL_H 1
| #define HAVE_WCHAR_H 1
| #define HAVE_WCTYPE_H 1
| #define HAVE_SYS_SYSCTL_H 1
| #define HAVE_STRINGS_H 1
| #define TIME_WITH_SYS_TIME 1
| #define HAVE_LIBNCURSES 1
| #define TERMINFO 1
| #define HAVE_OSPEED 1
| #define HAVE_UP_BC_PC 1
| #define SYS_SELECT_WITH_SYS_TIME 1
| #define HAVE_SVR4_PTYS 1
| #define PTYRANGE0 "pqrstuvw"
| #define PTYRANGE1 "0123456789abcdef"
| #define RETSIGTYPE void
| #define SIGRETURN return
| #define HAVE_SIGCONTEXT 1
| #define HAVE_BCMP 1
| #define HAVE_FCHDIR 1
| #define HAVE_FCHOWN 1
| #define HAVE_FSYNC 1
| #define HAVE_GETCWD 1
| #define HAVE_GETPWENT 1
| #define HAVE_GETPWNAM 1
| #define HAVE_GETPWUID 1
| #define HAVE_GETRLIMIT 1
| #define HAVE_GETTIMEOFDAY 1
| #define HAVE_GETWD 1
| #define HAVE_LSTAT 1
| #define HAVE_MEMCMP 1
| #define HAVE_MEMSET 1
| #define HAVE_MKDTEMP 1
| #define HAVE_NANOSLEEP 1
| #define HAVE_OPENDIR 1
| #define HAVE_PUTENV 1
| #define HAVE_QSORT 1
| #define HAVE_READLINK 1
| #define HAVE_SELECT 1
| #define HAVE_SETENV 1
| #define HAVE_SETPGID 1
| #define HAVE_SETSID 1
| #define HAVE_SIGALTSTACK 1
| #define HAVE_SIGSET 1
| #define HAVE_SIGSETJMP 1
| #define HAVE_SIGACTION 1
| #define HAVE_SIGVEC 1
| #define HAVE_STRCASECMP 1
| #define HAVE_STRERROR 1
| #define HAVE_STRFTIME 1
| #define HAVE_STRNCASECMP 1
| #define HAVE_STRPBRK 1
| #define HAVE_STRTOL 1
| #define HAVE_TGETENT 1
| #define HAVE_TOWLOWER 1
| #define HAVE_TOWUPPER 1
| #define HAVE_ISWUPPER 1
| #define HAVE_USLEEP 1
| #define HAVE_UTIME 1
| #define HAVE_UTIMES 1
| #define HAVE_FSEEKO 1
| #define HAVE_ST_BLKSIZE 1
| #define HAVE_ICONV 1
| #define HAVE_NL_LANGINFO_CODESET 1
| #define HAVE_LIBM 1
| #define HAVE_FLOAT_FUNCS 1
| #define HAVE_POSIX_ACL 1
| #define HAVE_FD_CLOEXEC 1
| #define HAVE_RENAME 1
| #define HAVE_SYSCTL 1
| /* end confdefs.h.  */
| #include <sys/types.h>
| #include <sys/sysinfo.h>
| int
| main ()
| {
| 	struct sysinfo sinfo;
| 	int t;
| 
| 	(void)sysinfo(&sinfo);
| 	t = sinfo.totalram;
| 
|   ;
|   return 0;
| }
configure:12428: result: not usable
configure:12433: checking for sysinfo.mem_unit
configure:12449: gcc -c -g -O2  conftest.c >&5
conftest.c:120:10: fatal error: 'sys/sysinfo.h' file not found
#include <sys/sysinfo.h>
         ^
1 error generated.
configure:12449: $? = 1
configure: failed program was:
| /* confdefs.h */
| #define PACKAGE_NAME ""
| #define PACKAGE_TARNAME ""
| #define PACKAGE_VERSION ""
| #define PACKAGE_STRING ""
| #define PACKAGE_BUGREPORT ""
| #define PACKAGE_URL ""
| #define UNIX 1
| #define STDC_HEADERS 1
| #define HAVE_SYS_WAIT_H 1
| #define HAVE_AVAILABILITYMACROS_H 1
| #define FEAT_NORMAL 1
| #define USE_XSMP_INTERACT 1
| #define FEAT_CSCOPE 1
| #define FEAT_NETBEANS_INTG 1
| #define FEAT_MBYTE 1
| #define HAVE_X11_SM_SMLIB_H 1
| #define HAVE_DATE_TIME 1
| #define HAVE_ATTRIBUTE_UNUSED 1
| #define HAVE_DIRENT_H 1
| #define HAVE_STDARG_H 1
| #define HAVE_STDINT_H 1
| #define HAVE_STDLIB_H 1
| #define HAVE_STRING_H 1
| #define HAVE_SYS_SELECT_H 1
| #define HAVE_SYS_UTSNAME_H 1
| #define HAVE_TERMCAP_H 1
| #define HAVE_FCNTL_H 1
| #define HAVE_SGTTY_H 1
| #define HAVE_SYS_IOCTL_H 1
| #define HAVE_SYS_TIME_H 1
| #define HAVE_SYS_TYPES_H 1
| #define HAVE_ICONV_H 1
| #define HAVE_INTTYPES_H 1
| #define HAVE_LANGINFO_H 1
| #define HAVE_MATH_H 1
| #define HAVE_UNISTD_H 1
| #define HAVE_ERRNO_H 1
| #define HAVE_SYS_RESOURCE_H 1
| #define HAVE_LOCALE_H 1
| #define HAVE_TERMIOS_H 1
| #define HAVE_LIBC_H 1
| #define HAVE_POLL_H 1
| #define HAVE_SYS_POLL_H 1
| #define HAVE_PWD_H 1
| #define HAVE_UTIME_H 1
| #define HAVE_SYS_PARAM_H 1
| #define HAVE_LIBGEN_H 1
| #define HAVE_SYS_ACL_H 1
| #define HAVE_WCHAR_H 1
| #define HAVE_WCTYPE_H 1
| #define HAVE_SYS_SYSCTL_H 1
| #define HAVE_STRINGS_H 1
| #define TIME_WITH_SYS_TIME 1
| #define HAVE_LIBNCURSES 1
| #define TERMINFO 1
| #define HAVE_OSPEED 1
| #define HAVE_UP_BC_PC 1
| #define SYS_SELECT_WITH_SYS_TIME 1
| #define HAVE_SVR4_PTYS 1
| #define PTYRANGE0 "pqrstuvw"
| #define PTYRANGE1 "0123456789abcdef"
| #define RETSIGTYPE void
| #define SIGRETURN return
| #define HAVE_SIGCONTEXT 1
| #define HAVE_BCMP 1
| #define HAVE_FCHDIR 1
| #define HAVE_FCHOWN 1
| #define HAVE_FSYNC 1
| #define HAVE_GETCWD 1
| #define HAVE_GETPWENT 1
| #define HAVE_GETPWNAM 1
| #define HAVE_GETPWUID 1
| #define HAVE_GETRLIMIT 1
| #define HAVE_GETTIMEOFDAY 1
| #define HAVE_GETWD 1
| #define HAVE_LSTAT 1
| #define HAVE_MEMCMP 1
| #define HAVE_MEMSET 1
| #define HAVE_MKDTEMP 1
| #define HAVE_NANOSLEEP 1
| #define HAVE_OPENDIR 1
| #define HAVE_PUTENV 1
| #define HAVE_QSORT 1
| #define HAVE_READLINK 1
| #define HAVE_SELECT 1
| #define HAVE_SETENV 1
| #define HAVE_SETPGID 1
| #define HAVE_SETSID 1
| #define HAVE_SIGALTSTACK 1
| #define HAVE_SIGSET 1
| #define HAVE_SIGSETJMP 1
| #define HAVE_SIGACTION 1
| #define HAVE_SIGVEC 1
| #define HAVE_STRCASECMP 1
| #define HAVE_STRERROR 1
| #define HAVE_STRFTIME 1
| #define HAVE_STRNCASECMP 1
| #define HAVE_STRPBRK 1
| #define HAVE_STRTOL 1
| #define HAVE_TGETENT 1
| #define HAVE_TOWLOWER 1
| #define HAVE_TOWUPPER 1
| #define HAVE_ISWUPPER 1
| #define HAVE_USLEEP 1
| #define HAVE_UTIME 1
| #define HAVE_UTIMES 1
| #define HAVE_FSEEKO 1
| #define HAVE_ST_BLKSIZE 1
| #define HAVE_ICONV 1
| #define HAVE_NL_LANGINFO_CODESET 1
| #define HAVE_LIBM 1
| #define HAVE_FLOAT_FUNCS 1
| #define HAVE_POSIX_ACL 1
| #define HAVE_FD_CLOEXEC 1
| #define HAVE_RENAME 1
| #define HAVE_SYSCTL 1
| /* end confdefs.h.  */
| #include <sys/types.h>
| #include <sys/sysinfo.h>
| int
| main ()
| {
| 	struct sysinfo sinfo;
| 	sinfo.mem_unit = 1;
| 
|   ;
|   return 0;
| }
configure:12454: result: no
configure:12459: checking for sysconf
configure:12474: gcc -c -g -O2  conftest.c >&5
configure:12474: $? = 0
configure:12475: result: yes
configure:12488: checking size of int
configure:12507: result: 4
configure:12521: checking size of long
configure:12540: result: 8
configure:12554: checking size of time_t
configure:12573: result: 8
configure:12587: checking size of off_t
configure:12606: result: 8
configure:12626: checking uint32_t is 32 bits
configure:12648: gcc -o conftest -g -O2   -L/usr/local/lib conftest.c -lm -lncurses  -liconv >&5
conftest.c:133:1: warning: type specifier missing, defaults to 'int' [-Wimplicit-int]
main() {
^
conftest.c:136:69: warning: implicitly declaring library function 'exit' with type 'void (int) __attribute__((noreturn))'
  if (sizeof(uint32_t) != 4 || nr1 != 0xffffffffUL || nr2 + 1 != 0) exit(1);
                                                                    ^
conftest.c:136:69: note: include the header <stdlib.h> or explicitly provide a declaration for 'exit'
2 warnings generated.
configure:12648: $? = 0
configure:12648: ./conftest
configure:12648: $? = 0
configure:12649: result: ok
configure:12682: checking whether memmove handles overlaps
configure:12712: result: yes
configure:12888: checking for _xpg4_setrunelocale in -lxpg4
configure:12922: result: no
configure:12929: checking how to create tags
/Applications/Xcode.app/Contents/Developer/Toolchains/XcodeDefault.xctoolchain/usr/bin/ctags: illegal option -- -
usage: ctags [-BFadtuwvx] [-f tagsfile] file ...
auto/configure: line 12934: exctags: command not found
auto/configure: line 12936: exuberant-ctags: command not found
etags: skipping /dev/null: it is not a regular file.
etags: no input files specified.
	Try `etags --help' for a complete list of options.
/Applications/Xcode.app/Contents/Developer/Toolchains/XcodeDefault.xctoolchain/usr/bin/ctags: illegal option -- s
usage: ctags [-BFadtuwvx] [-f tagsfile] file ...
/Applications/Xcode.app/Contents/Developer/Toolchains/XcodeDefault.xctoolchain/usr/bin/ctags: illegal option -- s
usage: ctags [-BFadtuwvx] [-f tagsfile] file ...
/Applications/Xcode.app/Contents/Developer/Toolchains/XcodeDefault.xctoolchain/usr/bin/ctags: illegal option -- i
usage: ctags [-BFadtuwvx] [-f tagsfile] file ...
configure:12949: result: ctags -t
configure:12952: checking how to run man with a section nr
configure:12956: result: man -s
configure:12963: checking --disable-nls argument
configure:12974: result: no
configure:12984: checking for msgfmt
configure:13014: result: no
configure:13019: checking for NLS
configure:13068: result: msgfmt not found - disabled
configure:13121: checking for dlfcn.h
configure:13121: result: yes
configure:13138: checking for dlopen()
configure:13154: gcc -o conftest -g -O2   -L/usr/local/lib conftest.c -lm -lncurses  -liconv >&5
configure:13154: $? = 0
configure:13155: result: yes
configure:13197: checking for dlsym()
configure:13213: gcc -o conftest -g -O2   -L/usr/local/lib conftest.c -lm -lncurses  -liconv >&5
configure:13213: $? = 0
configure:13214: result: yes
configure:13322: checking for setjmp.h
configure:13322: result: yes
configure:13362: checking for GCC 3 or later
configure:13367: result: yes
configure:13373: checking whether we need -D_FORTIFY_SOURCE=1
configure:13377: result: yes
configure:13386: checking linker --as-needed support
configure:13398: result: no
configure:13475: updating cache auto/config.cache
configure:13525: creating auto/config.status

## ---------------------- ##
## Running config.status. ##
## ---------------------- ##

This file was extended by config.status, which was
generated by GNU Autoconf 2.69.  Invocation command line was

  CONFIG_FILES    = 
  CONFIG_HEADERS  = 
  CONFIG_LINKS    = 
  CONFIG_COMMANDS = 
  $ auto/config.status 

on newpro.home

config.status:1012: creating auto/config.mk
config.status:1012: creating auto/config.h

## ---------------- ##
## Cache variables. ##
## ---------------- ##

ac_cv_c_bigendian=no
ac_cv_c_compiler_gnu=yes
ac_cv_c_const=yes
ac_cv_c_uint32_t=yes
ac_cv_c_volatile=yes
ac_cv_env_CC_set=
ac_cv_env_CC_value=
ac_cv_env_CFLAGS_set=
ac_cv_env_CFLAGS_value=
ac_cv_env_CPPFLAGS_set=
ac_cv_env_CPPFLAGS_value=
ac_cv_env_CPP_set=
ac_cv_env_CPP_value=
ac_cv_env_LDFLAGS_set=
ac_cv_env_LDFLAGS_value=
ac_cv_env_LIBS_set=
ac_cv_env_LIBS_value=
ac_cv_env_XMKMF_set=
ac_cv_env_XMKMF_value=
ac_cv_env_build_alias_set=
ac_cv_env_build_alias_value=
ac_cv_env_host_alias_set=
ac_cv_env_host_alias_value=
ac_cv_env_target_alias_set=
ac_cv_env_target_alias_value=
ac_cv_func_bcmp=yes
ac_cv_func_fchdir=yes
ac_cv_func_fchown=yes
ac_cv_func_fsync=yes
ac_cv_func_getcwd=yes
ac_cv_func_getpseudotty=no
ac_cv_func_getpwent=yes
ac_cv_func_getpwnam=yes
ac_cv_func_getpwuid=yes
ac_cv_func_getrlimit=yes
ac_cv_func_gettimeofday=yes
ac_cv_func_getwd=yes
ac_cv_func_iswupper=yes
ac_cv_func_lstat=yes
ac_cv_func_memcmp=yes
ac_cv_func_memset=yes
ac_cv_func_mkdtemp=yes
ac_cv_func_nanosleep=yes
ac_cv_func_opendir=yes
ac_cv_func_putenv=yes
ac_cv_func_qsort=yes
ac_cv_func_readlink=yes
ac_cv_func_select=yes
ac_cv_func_setenv=yes
ac_cv_func_setpgid=yes
ac_cv_func_setsid=yes
ac_cv_func_sigaction=yes
ac_cv_func_sigaltstack=yes
ac_cv_func_sigset=yes
ac_cv_func_sigsetjmp=yes
ac_cv_func_sigstack=no
ac_cv_func_sigvec=yes
ac_cv_func_strcasecmp=yes
ac_cv_func_strerror=yes
ac_cv_func_strftime=yes
ac_cv_func_stricmp=no
ac_cv_func_strncasecmp=yes
ac_cv_func_strnicmp=no
ac_cv_func_strpbrk=yes
ac_cv_func_strtol=yes
ac_cv_func_tgetent=yes
ac_cv_func_towlower=yes
ac_cv_func_towupper=yes
ac_cv_func_usleep=yes
ac_cv_func_utime=yes
ac_cv_func_utimes=yes
ac_cv_header_AvailabilityMacros_h=yes
ac_cv_header_X11_SM_SMlib_h=yes
ac_cv_header_dirent_dirent_h=yes
ac_cv_header_dlfcn_h=yes
ac_cv_header_elf_h=no
ac_cv_header_errno_h=yes
ac_cv_header_fcntl_h=yes
ac_cv_header_frame_h=no
ac_cv_header_iconv_h=yes
ac_cv_header_inttypes_h=yes
ac_cv_header_langinfo_h=yes
ac_cv_header_libc_h=yes
ac_cv_header_libgen_h=yes
ac_cv_header_libintl_h=no
ac_cv_header_linux_xattr_h=no
ac_cv_header_locale_h=yes
ac_cv_header_math_h=yes
ac_cv_header_poll_h=yes
ac_cv_header_pwd_h=yes
ac_cv_header_setjmp_h=yes
ac_cv_header_sgtty_h=yes
ac_cv_header_stdarg_h=yes
ac_cv_header_stdc=yes
ac_cv_header_stdint_h=yes
ac_cv_header_stdlib_h=yes
ac_cv_header_string_h=yes
ac_cv_header_strings_h=yes
ac_cv_header_stropts_h=no
ac_cv_header_sys_access_h=no
ac_cv_header_sys_acl_h=yes
ac_cv_header_sys_ioctl_h=yes
ac_cv_header_sys_param_h=yes
ac_cv_header_sys_poll_h=yes
ac_cv_header_sys_ptem_h=no
ac_cv_header_sys_resource_h=yes
ac_cv_header_sys_select_h=yes
ac_cv_header_sys_statfs_h=no
ac_cv_header_sys_stream_h=no
ac_cv_header_sys_sysctl_h=yes
ac_cv_header_sys_sysinfo_h=no
ac_cv_header_sys_systeminfo_h=no
ac_cv_header_sys_time_h=yes
ac_cv_header_sys_types_h=yes
ac_cv_header_sys_utsname_h=yes
ac_cv_header_sys_wait_h=yes
ac_cv_header_termcap_h=yes
ac_cv_header_termio_h=no
ac_cv_header_termios_h=yes
ac_cv_header_time=yes
ac_cv_header_unistd_h=yes
ac_cv_header_util_debug_h=no
ac_cv_header_util_msg18n_h=no
ac_cv_header_utime_h=yes
ac_cv_header_wchar_h=yes
ac_cv_header_wctype_h=yes
ac_cv_lib_acl_acl_get_file=no
ac_cv_lib_m_strtod=yes
ac_cv_lib_ncurses___tgetent=yes
ac_cv_lib_nsl_gethostbyname=no
ac_cv_lib_posix1e_acl_get_file=no
ac_cv_lib_sec_acl_get=no
ac_cv_lib_selinux_is_selinux_enabled=no
ac_cv_lib_socket_socket=no
ac_cv_lib_tinfo___tgetent=no
ac_cv_lib_xpg4__xpg4_setrunelocale=no
ac_cv_objext=o
ac_cv_path_EGREP='/usr/bin/grep -E'
ac_cv_path_FGREP='/usr/bin/grep -F'
ac_cv_path_GREP=/usr/bin/grep
ac_cv_path_XCODE_SELECT=/usr/bin/xcode-select
ac_cv_prog_AWK=awk
ac_cv_prog_CPP='gcc -E'
ac_cv_prog_STRIP=strip
ac_cv_prog_ac_ct_CC=gcc
ac_cv_prog_cc_c89=
ac_cv_prog_cc_g=yes
ac_cv_prog_gcc_traditional=no
ac_cv_prog_make_make_set=yes
ac_cv_search_opendir='none required'
ac_cv_search_strerror='none required'
ac_cv_sizeof_int=4
ac_cv_sizeof_long=8
ac_cv_sizeof_off_t=8
ac_cv_sizeof_time_t=8
ac_cv_sys_file_offset_bits=no
ac_cv_sys_largefile_CC=no
ac_cv_sys_largefile_source=no
ac_cv_type_dev_t=yes
ac_cv_type_ino_t=yes
ac_cv_type_mode_t=yes
ac_cv_type_off_t=yes
ac_cv_type_pid_t=yes
ac_cv_type_rlim_t=yes
ac_cv_type_signal=void
ac_cv_type_size_t=yes
ac_cv_type_stack_t=yes
ac_cv_type_uid_t=yes
cf_cv_ebcdic=no
vi_cv_have_gpm=no
vi_cv_have_sysmouse=no
vim_cv_getcwd_broken=no
vim_cv_memmove_handles_overlap=yes
vim_cv_stat_ignores_slash=no
vim_cv_terminfo=yes
vim_cv_tgent=non-zero
vim_cv_toupper_broken=no
vim_cv_tty_group=world

## ----------------- ##
## Output variables. ##
## ----------------- ##

AWK='awk'
CC='gcc'
CFLAGS='-g -O2 -U_FORTIFY_SOURCE -D_FORTIFY_SOURCE=1'
CPP='gcc -E'
CPPFLAGS=''
CPP_MM='M'
DEFS='-DHAVE_CONFIG_H'
DEPEND_CFLAGS_FILTER='| sed '\''s+-I */+-isystem /+g'\'''
ECHO_C='\c'
ECHO_N=''
ECHO_T=''
EGREP='/usr/bin/grep -E'
EXEEXT=''
EXNAME='ex'
FGREP='/usr/bin/grep -F'
GNOME_INCLUDEDIR=''
GNOME_LIBDIR=''
GNOME_LIBS=''
GREP='/usr/bin/grep'
GTK_CFLAGS=''
GTK_LIBNAME=''
GTK_LIBS=''
GUITYPE='NONE'
GUI_INC_LOC=''
GUI_LIB_LOC=''
GUI_X_LIBS=''
HANGULIN_OBJ=''
HANGULIN_SRC=''
INSTALL_LANGS='install-languages'
INSTALL_TOOL_LANGS='install-tool-languages'
LDFLAGS=' -L/usr/local/lib'
LIBOBJS=''
LIBS='-lm -lncurses  -liconv'
LINK_AS_NEEDED=''
LTLIBOBJS=''
LUA_CFLAGS=''
LUA_LIBS=''
LUA_OBJ=''
LUA_PRO=''
LUA_SRC=''
MAKEMO=''
MOTIF_LIBNAME=''
MSGFMT=''
MZSCHEME_CFLAGS=''
MZSCHEME_EXTRA=''
MZSCHEME_LIBS=''
MZSCHEME_MZC=''
MZSCHEME_OBJ=''
MZSCHEME_PRO=''
MZSCHEME_SRC=''
NARROW_PROTO=''
NETBEANS_OBJ='objects/netbeans.o'
NETBEANS_SRC='netbeans.c'
OBJEXT='o'
OS_EXTRA_OBJ=''
OS_EXTRA_SRC=''
PACKAGE_BUGREPORT=''
PACKAGE_NAME=''
PACKAGE_STRING=''
PACKAGE_TARNAME=''
PACKAGE_URL=''
PACKAGE_VERSION=''
PATH_SEPARATOR=':'
PERL_CFLAGS=''
PERL_LIBS=''
PERL_OBJ=''
PERL_PRO=''
PERL_SRC=''
PKG_CONFIG=''
PYTHON3_CFLAGS=''
PYTHON3_CONFDIR=''
PYTHON3_LIBS=''
PYTHON3_OBJ=''
PYTHON3_SRC=''
PYTHON_CFLAGS=''
PYTHON_CONFDIR=''
PYTHON_GETPATH_CFLAGS=''
PYTHON_LIBS=''
PYTHON_OBJ=''
PYTHON_SRC=''
QUOTESED='sed -e '\''s/[\\"]/\\&/g'\'' -e '\''s/\\"/"/'\'' -e '\''s/\\";$$/";/'\'''
RUBY_CFLAGS=''
RUBY_LIBS=''
RUBY_OBJ=''
RUBY_PRO=''
RUBY_SRC=''
SET_MAKE=''
SHELL='/bin/sh'
SNIFF_OBJ=''
SNIFF_SRC=''
STRIP='strip'
TAGPRG='ctags -t'
TCL_CFLAGS=''
TCL_LIBS=''
TCL_OBJ=''
TCL_PRO=''
TCL_SRC=''
VIEWNAME='view'
VIMNAME='vim'
WORKSHOP_OBJ=''
WORKSHOP_SRC=''
XCODE_SELECT='/usr/bin/xcode-select'
XMKMF=''
X_CFLAGS=''
X_EXTRA_LIBS=''
X_LIB=''
X_LIBS=''
X_PRE_LIBS=''
ac_ct_CC='gcc'
bindir='${exec_prefix}/bin'
build_alias=''
compiledby=''
datadir='${datarootdir}'
datarootdir='${prefix}/share'
docdir='${datarootdir}/doc/${PACKAGE}'
dogvimdiff='installgvimdiff'
dovimdiff='installvimdiff'
dvidir='${docdir}'
exec_prefix='${prefix}'
host_alias=''
htmldir='${docdir}'
includedir='${prefix}/include'
infodir='/usr/share/info'
libdir='${exec_prefix}/lib'
libexecdir='${exec_prefix}/libexec'
line_break='"\\012"'
localedir='${datarootdir}/locale'
localstatedir='${prefix}/var'
mandir='/usr/share/man'
oldincludedir='/usr/include'
pdfdir='${docdir}'
prefix='/usr'
program_transform_name='s,x,x,'
psdir='${docdir}'
sbindir='${exec_prefix}/sbin'
sharedstatedir='${prefix}/com'
shrpenv=''
sysconfdir='${prefix}/etc'
target_alias=''
vi_cv_path_lua=''
vi_cv_path_luajit=''
vi_cv_path_mzscheme=''
vi_cv_path_perl=''
vi_cv_path_plain_lua=''
vi_cv_path_python3=''
vi_cv_path_python=''
vi_cv_path_ruby=''
vi_cv_path_tcl=''
vi_cv_perl_xsubpp=''
vi_cv_perllib=''
xmkmfpath=''

## ----------- ##
## confdefs.h. ##
## ----------- ##

/* confdefs.h */
#define PACKAGE_NAME ""
#define PACKAGE_TARNAME ""
#define PACKAGE_VERSION ""
#define PACKAGE_STRING ""
#define PACKAGE_BUGREPORT ""
#define PACKAGE_URL ""
#define UNIX 1
#define STDC_HEADERS 1
#define HAVE_SYS_WAIT_H 1
#define HAVE_AVAILABILITYMACROS_H 1
#define FEAT_NORMAL 1
#define USE_XSMP_INTERACT 1
#define FEAT_CSCOPE 1
#define FEAT_NETBEANS_INTG 1
#define FEAT_MBYTE 1
#define HAVE_X11_SM_SMLIB_H 1
#define HAVE_DATE_TIME 1
#define HAVE_ATTRIBUTE_UNUSED 1
#define HAVE_DIRENT_H 1
#define HAVE_STDARG_H 1
#define HAVE_STDINT_H 1
#define HAVE_STDLIB_H 1
#define HAVE_STRING_H 1
#define HAVE_SYS_SELECT_H 1
#define HAVE_SYS_UTSNAME_H 1
#define HAVE_TERMCAP_H 1
#define HAVE_FCNTL_H 1
#define HAVE_SGTTY_H 1
#define HAVE_SYS_IOCTL_H 1
#define HAVE_SYS_TIME_H 1
#define HAVE_SYS_TYPES_H 1
#define HAVE_ICONV_H 1
#define HAVE_INTTYPES_H 1
#define HAVE_LANGINFO_H 1
#define HAVE_MATH_H 1
#define HAVE_UNISTD_H 1
#define HAVE_ERRNO_H 1
#define HAVE_SYS_RESOURCE_H 1
#define HAVE_LOCALE_H 1
#define HAVE_TERMIOS_H 1
#define HAVE_LIBC_H 1
#define HAVE_POLL_H 1
#define HAVE_SYS_POLL_H 1
#define HAVE_PWD_H 1
#define HAVE_UTIME_H 1
#define HAVE_SYS_PARAM_H 1
#define HAVE_LIBGEN_H 1
#define HAVE_SYS_ACL_H 1
#define HAVE_WCHAR_H 1
#define HAVE_WCTYPE_H 1
#define HAVE_SYS_SYSCTL_H 1
#define HAVE_STRINGS_H 1
#define TIME_WITH_SYS_TIME 1
#define HAVE_LIBNCURSES 1
#define TERMINFO 1
#define HAVE_OSPEED 1
#define HAVE_UP_BC_PC 1
#define SYS_SELECT_WITH_SYS_TIME 1
#define HAVE_SVR4_PTYS 1
#define PTYRANGE0 "pqrstuvw"
#define PTYRANGE1 "0123456789abcdef"
#define RETSIGTYPE void
#define SIGRETURN return
#define HAVE_SIGCONTEXT 1
#define HAVE_BCMP 1
#define HAVE_FCHDIR 1
#define HAVE_FCHOWN 1
#define HAVE_FSYNC 1
#define HAVE_GETCWD 1
#define HAVE_GETPWENT 1
#define HAVE_GETPWNAM 1
#define HAVE_GETPWUID 1
#define HAVE_GETRLIMIT 1
#define HAVE_GETTIMEOFDAY 1
#define HAVE_GETWD 1
#define HAVE_LSTAT 1
#define HAVE_MEMCMP 1
#define HAVE_MEMSET 1
#define HAVE_MKDTEMP 1
#define HAVE_NANOSLEEP 1
#define HAVE_OPENDIR 1
#define HAVE_PUTENV 1
#define HAVE_QSORT 1
#define HAVE_READLINK 1
#define HAVE_SELECT 1
#define HAVE_SETENV 1
#define HAVE_SETPGID 1
#define HAVE_SETSID 1
#define HAVE_SIGALTSTACK 1
#define HAVE_SIGSET 1
#define HAVE_SIGSETJMP 1
#define HAVE_SIGACTION 1
#define HAVE_SIGVEC 1
#define HAVE_STRCASECMP 1
#define HAVE_STRERROR 1
#define HAVE_STRFTIME 1
#define HAVE_STRNCASECMP 1
#define HAVE_STRPBRK 1
#define HAVE_STRTOL 1
#define HAVE_TGETENT 1
#define HAVE_TOWLOWER 1
#define HAVE_TOWUPPER 1
#define HAVE_ISWUPPER 1
#define HAVE_USLEEP 1
#define HAVE_UTIME 1
#define HAVE_UTIMES 1
#define HAVE_FSEEKO 1
#define HAVE_ST_BLKSIZE 1
#define HAVE_ICONV 1
#define HAVE_NL_LANGINFO_CODESET 1
#define HAVE_LIBM 1
#define HAVE_FLOAT_FUNCS 1
#define HAVE_POSIX_ACL 1
#define HAVE_FD_CLOEXEC 1
#define HAVE_RENAME 1
#define HAVE_SYSCTL 1
#define HAVE_SYSCONF 1
#define SIZEOF_INT 4
#define SIZEOF_LONG 8
#define SIZEOF_TIME_T 8
#define SIZEOF_OFF_T 8
#define VIM_SIZEOF_INT 4
#define VIM_SIZEOF_LONG 8
#define USEMEMMOVE 1
#define USEMAN_S 1
#define HAVE_DLFCN_H 1
#define HAVE_DLOPEN 1
#define HAVE_DLSYM 1
#define HAVE_SETJMP_H 1

configure: exit 0
